<?xml version="1.0" encoding="UTF-8"?>
<coverage generated="1664541279736" clover="3.2.0">
  <project timestamp="1664541279736" name="All files">
    <metrics statements="9" coveredstatements="8" conditionals="0" coveredconditionals="0" methods="4" coveredmethods="3" elements="13" coveredelements="11" complexity="0" loc="9" ncloc="9" packages="2" files="2" classes="2"/>
    <package name="IntroScreen">
      <metrics statements="2" coveredstatements="2" conditionals="0" coveredconditionals="0" methods="1" coveredmethods="1"/>
      <file name="Intro.tsx" path="/Users/lucashenrique/Desktop/ecolog/src/screen/IntroScreen/Intro.tsx">
        <metrics statements="2" coveredstatements="2" conditionals="0" coveredconditionals="0" methods="1" coveredmethods="1"/>
        <line num="3" count="1" type="stmt"/>
        <line num="4" count="1" type="stmt"/>
      </file>
    </package>
    <package name="SplashScreen">
      <metrics statements="7" coveredstatements="6" conditionals="0" coveredconditionals="0" methods="3" coveredmethods="2"/>
      <file name="SplashScreen.tsx" path="/Users/lucashenrique/Desktop/ecolog/src/screen/SplashScreen/SplashScreen.tsx">
        <metrics statements="7" coveredstatements="6" conditionals="0" coveredconditionals="0" methods="3" coveredmethods="2"/>
        <line num="7" count="1" type="stmt"/>
        <line num="8" count="1" type="stmt"/>
        <line num="9" count="1" type="stmt"/>
        <line num="10" count="0" type="stmt"/>
        <line num="15" count="1" type="stmt"/>
        <line num="18" count="1" type="stmt"/>
        <line num="25" count="1" type="stmt"/>
      </file>
    </package>
  </project>
</coverage>
