{"/Users/lucashenrique/Desktop/app-ecolog/src/App.tsx": {"path":"/Users/lucashenrique/Desktop/app-ecolog/src/App.tsx","statementMap":{"0":{"start":{"line":8,"column":19},"end":{"line":16,"column":1}},"1":{"start":{"line":9,"column":2},"end":{"line":15,"column":4}}},"fnMap":{"0":{"name":"(anonymous_0)","decl":{"start":{"line":8,"column":19},"end":{"line":8,"column":20}},"loc":{"start":{"line":8,"column":25},"end":{"line":16,"column":1}},"line":8}},"branchMap":{},"s":{"0":1,"1":1},"f":{"0":1},"b":{},"_coverageSchema":"1a1c01bbd47fc00a2c39e90264f33305004495a9","hash":"39a5c20680a09ad5a193ecb5e3c4b0d50edf4871"}
,"/Users/lucashenrique/Desktop/app-ecolog/src/common/colors.ts": {"path":"/Users/lucashenrique/Desktop/app-ecolog/src/common/colors.ts","statementMap":{"0":{"start":{"line":1,"column":27},"end":{"line":9,"column":1}}},"fnMap":{},"branchMap":{},"s":{"0":8},"f":{},"b":{},"_coverageSchema":"1a1c01bbd47fc00a2c39e90264f33305004495a9","hash":"6e4589418083e396f6e255e01642bc6536afaa16"}
,"/Users/lucashenrique/Desktop/app-ecolog/src/common/fonts.ts": {"path":"/Users/lucashenrique/Desktop/app-ecolog/src/common/fonts.ts","statementMap":{"0":{"start":{"line":5,"column":4},"end":{"line":9,"column":1}}},"fnMap":{},"branchMap":{},"s":{"0":6},"f":{},"b":{},"_coverageSchema":"1a1c01bbd47fc00a2c39e90264f33305004495a9","hash":"115de45b238eafe4d767f54307265dc5ab94d465"}
,"/Users/lucashenrique/Desktop/app-ecolog/src/common/sizes.ts": {"path":"/Users/lucashenrique/Desktop/app-ecolog/src/common/sizes.ts","statementMap":{"0":{"start":{"line":3,"column":21},"end":{"line":18,"column":1}}},"fnMap":{},"branchMap":{},"s":{"0":0},"f":{},"b":{}}
,"/Users/lucashenrique/Desktop/app-ecolog/src/common/typography.ts": {"path":"/Users/lucashenrique/Desktop/app-ecolog/src/common/typography.ts","statementMap":{"0":{"start":{"line":5,"column":37},"end":{"line":5,"column":46}},"1":{"start":{"line":6,"column":39},"end":{"line":6,"column":48}},"2":{"start":{"line":8,"column":31},"end":{"line":53,"column":1}}},"fnMap":{},"branchMap":{},"s":{"0":6,"1":6,"2":6},"f":{},"b":{},"_coverageSchema":"1a1c01bbd47fc00a2c39e90264f33305004495a9","hash":"f1b0cade115f350b1f848b02be220d70ef2fb60b"}
,"/Users/lucashenrique/Desktop/app-ecolog/src/components/atomic/Button/Button.tsx": {"path":"/Users/lucashenrique/Desktop/app-ecolog/src/components/atomic/Button/Button.tsx","statementMap":{"0":{"start":{"line":19,"column":22},"end":{"line":49,"column":1}},"1":{"start":{"line":28,"column":21},"end":{"line":28,"column":38}},"2":{"start":{"line":30,"column":2},"end":{"line":48,"column":4}},"3":{"start":{"line":32,"column":21},"end":{"line":32,"column":28}}},"fnMap":{"0":{"name":"(anonymous_0)","decl":{"start":{"line":19,"column":22},"end":{"line":19,"column":23}},"loc":{"start":{"line":27,"column":19},"end":{"line":49,"column":1}},"line":27},"1":{"name":"(anonymous_1)","decl":{"start":{"line":32,"column":15},"end":{"line":32,"column":16}},"loc":{"start":{"line":32,"column":21},"end":{"line":32,"column":28}},"line":32}},"branchMap":{"0":{"loc":{"start":{"line":28,"column":21},"end":{"line":28,"column":38}},"type":"binary-expr","locations":[{"start":{"line":28,"column":21},"end":{"line":28,"column":30}},{"start":{"line":28,"column":34},"end":{"line":28,"column":38}}],"line":28},"1":{"loc":{"start":{"line":36,"column":7},"end":{"line":43,"column":7}},"type":"binary-expr","locations":[{"start":{"line":36,"column":7},"end":{"line":36,"column":17}},{"start":{"line":37,"column":8},"end":{"line":42,"column":10}}],"line":36}},"s":{"0":4,"1":9,"2":9,"3":1},"f":{"0":9,"1":1},"b":{"0":[9,4],"1":[9,4]},"_coverageSchema":"1a1c01bbd47fc00a2c39e90264f33305004495a9","hash":"b65d3ceedafadf1859ebb2832afeab2d17c4707d"}
,"/Users/lucashenrique/Desktop/app-ecolog/src/components/atomic/Button/constants.ts": {"path":"/Users/lucashenrique/Desktop/app-ecolog/src/components/atomic/Button/constants.ts","statementMap":{"0":{"start":{"line":3,"column":29},"end":{"line":3,"column":38}},"1":{"start":{"line":4,"column":36},"end":{"line":4,"column":45}},"2":{"start":{"line":5,"column":37},"end":{"line":5,"column":46}},"3":{"start":{"line":6,"column":39},"end":{"line":6,"column":48}}},"fnMap":{},"branchMap":{},"s":{"0":4,"1":4,"2":4,"3":4},"f":{},"b":{},"_coverageSchema":"1a1c01bbd47fc00a2c39e90264f33305004495a9","hash":"3d84c56cefcd763844d04205987a85972741490a"}
,"/Users/lucashenrique/Desktop/app-ecolog/src/components/atomic/Button/style.ts": {"path":"/Users/lucashenrique/Desktop/app-ecolog/src/components/atomic/Button/style.ts","statementMap":{"0":{"start":{"line":12,"column":25},"end":{"line":23,"column":1}},"1":{"start":{"line":19,"column":4},"end":{"line":19,"column":59}},"2":{"start":{"line":22,"column":4},"end":{"line":22,"column":41}},"3":{"start":{"line":25,"column":24},"end":{"line":31,"column":1}},"4":{"start":{"line":26,"column":2},"end":{"line":28,"column":3}},"5":{"start":{"line":27,"column":4},"end":{"line":27,"column":58}},"6":{"start":{"line":30,"column":2},"end":{"line":30,"column":23}}},"fnMap":{"0":{"name":"(anonymous_0)","decl":{"start":{"line":18,"column":12},"end":{"line":18,"column":13}},"loc":{"start":{"line":19,"column":4},"end":{"line":19,"column":59}},"line":19},"1":{"name":"(anonymous_1)","decl":{"start":{"line":21,"column":22},"end":{"line":21,"column":23}},"loc":{"start":{"line":22,"column":4},"end":{"line":22,"column":41}},"line":22},"2":{"name":"(anonymous_2)","decl":{"start":{"line":25,"column":24},"end":{"line":25,"column":25}},"loc":{"start":{"line":25,"column":60},"end":{"line":31,"column":1}},"line":25}},"branchMap":{"0":{"loc":{"start":{"line":19,"column":4},"end":{"line":19,"column":59}},"type":"cond-expr","locations":[{"start":{"line":19,"column":15},"end":{"line":19,"column":50}},{"start":{"line":19,"column":53},"end":{"line":19,"column":59}}],"line":19},"1":{"loc":{"start":{"line":26,"column":2},"end":{"line":28,"column":3}},"type":"if","locations":[{"start":{"line":26,"column":2},"end":{"line":28,"column":3}},{"start":{},"end":{}}],"line":26},"2":{"loc":{"start":{"line":27,"column":11},"end":{"line":27,"column":57}},"type":"cond-expr","locations":[{"start":{"line":27,"column":24},"end":{"line":27,"column":42}},{"start":{"line":27,"column":45},"end":{"line":27,"column":57}}],"line":27}},"s":{"0":4,"1":9,"2":9,"3":4,"4":9,"5":6,"6":3},"f":{"0":9,"1":9,"2":9},"b":{"0":[3,6],"1":[6,3],"2":[1,5]},"_coverageSchema":"1a1c01bbd47fc00a2c39e90264f33305004495a9","hash":"5e7078ab1cf95e910e3e5ec9fbb132efcd1d0705"}
,"/Users/lucashenrique/Desktop/app-ecolog/src/components/atomic/Button/testId.ts": {"path":"/Users/lucashenrique/Desktop/app-ecolog/src/components/atomic/Button/testId.ts","statementMap":{"0":{"start":{"line":1,"column":22},"end":{"line":5,"column":1}}},"fnMap":{},"branchMap":{},"s":{"0":4},"f":{},"b":{},"_coverageSchema":"1a1c01bbd47fc00a2c39e90264f33305004495a9","hash":"af7107070a9083d22204c94b784b24c279b3ac45"}
,"/Users/lucashenrique/Desktop/app-ecolog/src/components/atomic/Button/testIds.ts": {"path":"/Users/lucashenrique/Desktop/app-ecolog/src/components/atomic/Button/testIds.ts","statementMap":{},"fnMap":{},"branchMap":{},"s":{},"f":{},"b":{}}
,"/Users/lucashenrique/Desktop/app-ecolog/src/components/atomic/DotSwiper/DotSwiper.tsx": {"path":"/Users/lucashenrique/Desktop/app-ecolog/src/components/atomic/DotSwiper/DotSwiper.tsx","statementMap":{"0":{"start":{"line":5,"column":21},"end":{"line":12,"column":1}},"1":{"start":{"line":14,"column":15},"end":{"line":25,"column":2}},"2":{"start":{"line":31,"column":25},"end":{"line":35,"column":1}},"3":{"start":{"line":32,"column":35},"end":{"line":32,"column":41}},"4":{"start":{"line":34,"column":2},"end":{"line":34,"column":59}}},"fnMap":{"0":{"name":"(anonymous_0)","decl":{"start":{"line":31,"column":25},"end":{"line":31,"column":26}},"loc":{"start":{"line":31,"column":55},"end":{"line":35,"column":1}},"line":31}},"branchMap":{"0":{"loc":{"start":{"line":34,"column":22},"end":{"line":34,"column":54}},"type":"cond-expr","locations":[{"start":{"line":34,"column":31},"end":{"line":34,"column":40}},{"start":{"line":34,"column":43},"end":{"line":34,"column":54}}],"line":34}},"s":{"0":3,"1":3,"2":3,"3":4,"4":4},"f":{"0":4},"b":{"0":[2,2]},"_coverageSchema":"1a1c01bbd47fc00a2c39e90264f33305004495a9","hash":"a60a05ba6a7c7f8143c48830b0f3bf8d1e2e739b"}
,"/Users/lucashenrique/Desktop/app-ecolog/src/components/atomic/Input/Input.tsx": {"path":"/Users/lucashenrique/Desktop/app-ecolog/src/components/atomic/Input/Input.tsx","statementMap":{"0":{"start":{"line":13,"column":21},"end":{"line":20,"column":1}},"1":{"start":{"line":14,"column":2},"end":{"line":19,"column":4}}},"fnMap":{"0":{"name":"(anonymous_0)","decl":{"start":{"line":13,"column":21},"end":{"line":13,"column":22}},"loc":{"start":{"line":13,"column":62},"end":{"line":20,"column":1}},"line":13}},"branchMap":{"0":{"loc":{"start":{"line":16,"column":7},"end":{"line":16,"column":62}},"type":"cond-expr","locations":[{"start":{"line":16,"column":14},"end":{"line":16,"column":43}},{"start":{"line":16,"column":46},"end":{"line":16,"column":62}}],"line":16},"1":{"loc":{"start":{"line":17,"column":7},"end":{"line":17,"column":73}},"type":"binary-expr","locations":[{"start":{"line":17,"column":7},"end":{"line":17,"column":14}},{"start":{"line":17,"column":18},"end":{"line":17,"column":73}}],"line":17}},"s":{"0":1,"1":3},"f":{"0":3},"b":{"0":[1,2],"1":[3,1]},"_coverageSchema":"1a1c01bbd47fc00a2c39e90264f33305004495a9","hash":"46f1d7858e659da5cc441e68377a28ba8f70f308"}
,"/Users/lucashenrique/Desktop/app-ecolog/src/components/atomic/Input/testId.ts": {"path":"/Users/lucashenrique/Desktop/app-ecolog/src/components/atomic/Input/testId.ts","statementMap":{},"fnMap":{},"branchMap":{},"s":{},"f":{},"b":{}}
,"/Users/lucashenrique/Desktop/app-ecolog/src/components/atomic/Input/DefaultInput/DefaultInput.tsx": {"path":"/Users/lucashenrique/Desktop/app-ecolog/src/components/atomic/Input/DefaultInput/DefaultInput.tsx","statementMap":{"0":{"start":{"line":5,"column":28},"end":{"line":21,"column":1}},"1":{"start":{"line":11,"column":2},"end":{"line":20,"column":4}}},"fnMap":{"0":{"name":"(anonymous_0)","decl":{"start":{"line":5,"column":28},"end":{"line":5,"column":29}},"loc":{"start":{"line":10,"column":11},"end":{"line":21,"column":1}},"line":10}},"branchMap":{},"s":{"0":2,"1":3},"f":{"0":3},"b":{},"_coverageSchema":"1a1c01bbd47fc00a2c39e90264f33305004495a9","hash":"6e225ec702edc008677694e3e51073e385116a51"}
,"/Users/lucashenrique/Desktop/app-ecolog/src/components/atomic/Input/DefaultInput/style.ts": {"path":"/Users/lucashenrique/Desktop/app-ecolog/src/components/atomic/Input/DefaultInput/style.ts","statementMap":{"0":{"start":{"line":4,"column":25},"end":{"line":9,"column":1}},"1":{"start":{"line":11,"column":21},"end":{"line":18,"column":1}}},"fnMap":{},"branchMap":{},"s":{"0":2,"1":2},"f":{},"b":{},"_coverageSchema":"1a1c01bbd47fc00a2c39e90264f33305004495a9","hash":"3a684938a16ad0380a6cdef5c98129f24285d3cb"}
,"/Users/lucashenrique/Desktop/app-ecolog/src/components/atomic/Input/InputMask/InputMask.tsx": {"path":"/Users/lucashenrique/Desktop/app-ecolog/src/components/atomic/Input/InputMask/InputMask.tsx","statementMap":{"0":{"start":{"line":7,"column":25},"end":{"line":19,"column":1}},"1":{"start":{"line":21,"column":25},"end":{"line":43,"column":1}},"2":{"start":{"line":28,"column":2},"end":{"line":42,"column":4}}},"fnMap":{"0":{"name":"(anonymous_0)","decl":{"start":{"line":21,"column":25},"end":{"line":21,"column":26}},"loc":{"start":{"line":27,"column":11},"end":{"line":43,"column":1}},"line":27}},"branchMap":{},"s":{"0":2,"1":2,"2":2},"f":{"0":2},"b":{},"_coverageSchema":"1a1c01bbd47fc00a2c39e90264f33305004495a9","hash":"4f68e516cfe5b5cba3084778afe4b6eae9ef94da"}
,"/Users/lucashenrique/Desktop/app-ecolog/src/components/atomic/ProviderRedux/ProviderRedux.tsx": {"path":"/Users/lucashenrique/Desktop/app-ecolog/src/components/atomic/ProviderRedux/ProviderRedux.tsx","statementMap":{"0":{"start":{"line":5,"column":29},"end":{"line":7,"column":1}},"1":{"start":{"line":6,"column":2},"end":{"line":6,"column":55}}},"fnMap":{"0":{"name":"(anonymous_0)","decl":{"start":{"line":5,"column":29},"end":{"line":5,"column":30}},"loc":{"start":{"line":5,"column":68},"end":{"line":7,"column":1}},"line":5}},"branchMap":{},"s":{"0":1,"1":1},"f":{"0":1},"b":{},"_coverageSchema":"1a1c01bbd47fc00a2c39e90264f33305004495a9","hash":"607d6d2b938e1bb7cd1fae4a5a34c1203a294887"}
,"/Users/lucashenrique/Desktop/app-ecolog/src/components/atomic/Typography/Typography.tsx": {"path":"/Users/lucashenrique/Desktop/app-ecolog/src/components/atomic/Typography/Typography.tsx","statementMap":{"0":{"start":{"line":21,"column":26},"end":{"line":32,"column":1}},"1":{"start":{"line":26,"column":28},"end":{"line":26,"column":52}},"2":{"start":{"line":27,"column":2},"end":{"line":31,"column":4}}},"fnMap":{"0":{"name":"(anonymous_0)","decl":{"start":{"line":21,"column":26},"end":{"line":21,"column":27}},"loc":{"start":{"line":25,"column":23},"end":{"line":32,"column":1}},"line":25}},"branchMap":{"0":{"loc":{"start":{"line":24,"column":2},"end":{"line":24,"column":16}},"type":"default-arg","locations":[{"start":{"line":24,"column":12},"end":{"line":24,"column":16}}],"line":24}},"s":{"0":5,"1":14,"2":14},"f":{"0":14},"b":{"0":[2]},"_coverageSchema":"1a1c01bbd47fc00a2c39e90264f33305004495a9","hash":"6707366fb3063cf9371f43124f8d90de1040b573"}
,"/Users/lucashenrique/Desktop/app-ecolog/src/components/atomic/Typography/style.ts": {"path":"/Users/lucashenrique/Desktop/app-ecolog/src/components/atomic/Typography/style.ts","statementMap":{"0":{"start":{"line":4,"column":19},"end":{"line":4,"column":32}},"1":{"start":{"line":14,"column":26},"end":{"line":21,"column":1}},"2":{"start":{"line":15,"column":32},"end":{"line":15,"column":58}},"3":{"start":{"line":16,"column":25},"end":{"line":16,"column":71}},"4":{"start":{"line":17,"column":36},"end":{"line":17,"column":71}},"5":{"start":{"line":20,"column":4},"end":{"line":20,"column":51}}},"fnMap":{"0":{"name":"(anonymous_0)","decl":{"start":{"line":15,"column":15},"end":{"line":15,"column":16}},"loc":{"start":{"line":15,"column":32},"end":{"line":15,"column":58}},"line":15},"1":{"name":"(anonymous_1)","decl":{"start":{"line":16,"column":11},"end":{"line":16,"column":12}},"loc":{"start":{"line":16,"column":25},"end":{"line":16,"column":71}},"line":16},"2":{"name":"(anonymous_2)","decl":{"start":{"line":17,"column":17},"end":{"line":17,"column":18}},"loc":{"start":{"line":17,"column":36},"end":{"line":17,"column":71}},"line":17},"3":{"name":"(anonymous_3)","decl":{"start":{"line":19,"column":17},"end":{"line":19,"column":18}},"loc":{"start":{"line":20,"column":4},"end":{"line":20,"column":51}},"line":20}},"branchMap":{"0":{"loc":{"start":{"line":15,"column":32},"end":{"line":15,"column":58}},"type":"cond-expr","locations":[{"start":{"line":15,"column":43},"end":{"line":15,"column":51}},{"start":{"line":15,"column":54},"end":{"line":15,"column":58}}],"line":15},"1":{"loc":{"start":{"line":16,"column":25},"end":{"line":16,"column":71}},"type":"cond-expr","locations":[{"start":{"line":16,"column":33},"end":{"line":16,"column":51}},{"start":{"line":16,"column":54},"end":{"line":16,"column":71}}],"line":16},"2":{"loc":{"start":{"line":17,"column":36},"end":{"line":17,"column":71}},"type":"cond-expr","locations":[{"start":{"line":17,"column":49},"end":{"line":17,"column":64}},{"start":{"line":17,"column":67},"end":{"line":17,"column":71}}],"line":17},"3":{"loc":{"start":{"line":20,"column":4},"end":{"line":20,"column":51}},"type":"cond-expr","locations":[{"start":{"line":20,"column":17},"end":{"line":20,"column":32}},{"start":{"line":20,"column":35},"end":{"line":20,"column":51}}],"line":20}},"s":{"0":6,"1":6,"2":17,"3":17,"4":17,"5":17},"f":{"0":17,"1":17,"2":17,"3":17},"b":{"0":[14,3],"1":[9,8],"2":[14,3],"3":[14,3]},"_coverageSchema":"1a1c01bbd47fc00a2c39e90264f33305004495a9","hash":"b09b6f2bffa95931f49ccb35ce46585c0e730aa7"}
,"/Users/lucashenrique/Desktop/app-ecolog/src/components/organisms/FooterIntroScreen/FooterIntroScreen.tsx": {"path":"/Users/lucashenrique/Desktop/app-ecolog/src/components/organisms/FooterIntroScreen/FooterIntroScreen.tsx","statementMap":{"0":{"start":{"line":6,"column":33},"end":{"line":21,"column":1}},"1":{"start":{"line":7,"column":2},"end":{"line":20,"column":4}}},"fnMap":{"0":{"name":"(anonymous_0)","decl":{"start":{"line":6,"column":33},"end":{"line":6,"column":34}},"loc":{"start":{"line":6,"column":39},"end":{"line":21,"column":1}},"line":6}},"branchMap":{},"s":{"0":3,"1":2},"f":{"0":2},"b":{},"_coverageSchema":"1a1c01bbd47fc00a2c39e90264f33305004495a9","hash":"97165375d644c5e32b019f839b8f7860be3ed15d"}
,"/Users/lucashenrique/Desktop/app-ecolog/src/examples/Example.tsx": {"path":"/Users/lucashenrique/Desktop/app-ecolog/src/examples/Example.tsx","statementMap":{"0":{"start":{"line":31,"column":4},"end":{"line":57,"column":6}}},"fnMap":{"0":{"name":"(anonymous_0)","decl":{"start":{"line":30,"column":2},"end":{"line":30,"column":3}},"loc":{"start":{"line":30,"column":11},"end":{"line":58,"column":3}},"line":30}},"branchMap":{},"s":{"0":0},"f":{"0":0},"b":{}}
,"/Users/lucashenrique/Desktop/app-ecolog/src/examples/ExampleGetLocation.tsx": {"path":"/Users/lucashenrique/Desktop/app-ecolog/src/examples/ExampleGetLocation.tsx","statementMap":{"0":{"start":{"line":6,"column":41},"end":{"line":6,"column":58}},"1":{"start":{"line":8,"column":2},"end":{"line":10,"column":9}},"2":{"start":{"line":9,"column":4},"end":{"line":9,"column":25}},"3":{"start":{"line":12,"column":2},"end":{"line":21,"column":4}},"4":{"start":{"line":24,"column":15},"end":{"line":28,"column":2}}},"fnMap":{"0":{"name":"GetCurrentLocationExample","decl":{"start":{"line":5,"column":24},"end":{"line":5,"column":49}},"loc":{"start":{"line":5,"column":52},"end":{"line":22,"column":1}},"line":5},"1":{"name":"(anonymous_1)","decl":{"start":{"line":8,"column":12},"end":{"line":8,"column":13}},"loc":{"start":{"line":8,"column":18},"end":{"line":10,"column":3}},"line":8}},"branchMap":{},"s":{"0":0,"1":0,"2":0,"3":0,"4":0},"f":{"0":0,"1":0},"b":{}}
,"/Users/lucashenrique/Desktop/app-ecolog/src/examples/ExampleIcon.tsx": {"path":"/Users/lucashenrique/Desktop/app-ecolog/src/examples/ExampleIcon.tsx","statementMap":{"0":{"start":{"line":8,"column":4},"end":{"line":16,"column":6}}},"fnMap":{"0":{"name":"(anonymous_0)","decl":{"start":{"line":7,"column":2},"end":{"line":7,"column":3}},"loc":{"start":{"line":7,"column":11},"end":{"line":17,"column":3}},"line":7}},"branchMap":{},"s":{"0":0},"f":{"0":0},"b":{}}
,"/Users/lucashenrique/Desktop/app-ecolog/src/examples/ExampleImportSvg.tsx": {"path":"/Users/lucashenrique/Desktop/app-ecolog/src/examples/ExampleImportSvg.tsx","statementMap":{"0":{"start":{"line":9,"column":4},"end":{"line":17,"column":6}}},"fnMap":{"0":{"name":"(anonymous_0)","decl":{"start":{"line":8,"column":2},"end":{"line":8,"column":3}},"loc":{"start":{"line":8,"column":11},"end":{"line":18,"column":3}},"line":8}},"branchMap":{},"s":{"0":0},"f":{"0":0},"b":{}}
,"/Users/lucashenrique/Desktop/app-ecolog/src/hooks/useLocationUser.ts": {"path":"/Users/lucashenrique/Desktop/app-ecolog/src/hooks/useLocationUser.ts","statementMap":{"0":{"start":{"line":6,"column":31},"end":{"line":29,"column":1}},"1":{"start":{"line":7,"column":29},"end":{"line":16,"column":3}},"2":{"start":{"line":8,"column":4},"end":{"line":14,"column":6}},"3":{"start":{"line":10,"column":8},"end":{"line":10,"column":41}},"4":{"start":{"line":12,"column":15},"end":{"line":12,"column":77}},"5":{"start":{"line":15,"column":4},"end":{"line":15,"column":22}},"6":{"start":{"line":18,"column":34},"end":{"line":18,"column":63}},"7":{"start":{"line":19,"column":32},"end":{"line":19,"column":47}},"8":{"start":{"line":21,"column":2},"end":{"line":21,"column":24}},"9":{"start":{"line":23,"column":2},"end":{"line":26,"column":9}},"10":{"start":{"line":24,"column":4},"end":{"line":24,"column":21}},"11":{"start":{"line":25,"column":4},"end":{"line":25,"column":25}},"12":{"start":{"line":28,"column":2},"end":{"line":28,"column":40}}},"fnMap":{"0":{"name":"(anonymous_0)","decl":{"start":{"line":6,"column":31},"end":{"line":6,"column":32}},"loc":{"start":{"line":6,"column":37},"end":{"line":29,"column":1}},"line":6},"1":{"name":"(anonymous_1)","decl":{"start":{"line":7,"column":29},"end":{"line":7,"column":30}},"loc":{"start":{"line":7,"column":35},"end":{"line":16,"column":3}},"line":7},"2":{"name":"(anonymous_2)","decl":{"start":{"line":9,"column":6},"end":{"line":9,"column":7}},"loc":{"start":{"line":9,"column":13},"end":{"line":11,"column":7}},"line":9},"3":{"name":"(anonymous_3)","decl":{"start":{"line":12,"column":6},"end":{"line":12,"column":7}},"loc":{"start":{"line":12,"column":15},"end":{"line":12,"column":77}},"line":12},"4":{"name":"(anonymous_4)","decl":{"start":{"line":23,"column":12},"end":{"line":23,"column":13}},"loc":{"start":{"line":23,"column":18},"end":{"line":26,"column":3}},"line":23}},"branchMap":{},"s":{"0":0,"1":0,"2":0,"3":0,"4":0,"5":0,"6":0,"7":0,"8":0,"9":0,"10":0,"11":0,"12":0},"f":{"0":0,"1":0,"2":0,"3":0,"4":0},"b":{}}
,"/Users/lucashenrique/Desktop/app-ecolog/src/hooks/useReduxHooks.ts": {"path":"/Users/lucashenrique/Desktop/app-ecolog/src/hooks/useReduxHooks.ts","statementMap":{"0":{"start":{"line":4,"column":49},"end":{"line":4,"column":60}},"1":{"start":{"line":5,"column":63},"end":{"line":5,"column":74}}},"fnMap":{},"branchMap":{},"s":{"0":0,"1":0},"f":{},"b":{}}
,"/Users/lucashenrique/Desktop/app-ecolog/src/routers/router.tsx": {"path":"/Users/lucashenrique/Desktop/app-ecolog/src/routers/router.tsx","statementMap":{"0":{"start":{"line":7,"column":14},"end":{"line":7,"column":42}},"1":{"start":{"line":10,"column":2},"end":{"line":17,"column":4}}},"fnMap":{"0":{"name":"App","decl":{"start":{"line":9,"column":9},"end":{"line":9,"column":12}},"loc":{"start":{"line":9,"column":15},"end":{"line":18,"column":1}},"line":9}},"branchMap":{},"s":{"0":1,"1":1},"f":{"0":1},"b":{},"_coverageSchema":"1a1c01bbd47fc00a2c39e90264f33305004495a9","hash":"dc882239b4be97f4d581a64ce30521a6b5ee526c"}
,"/Users/lucashenrique/Desktop/app-ecolog/src/screen/IntroScreen/Intro.tsx": {"path":"/Users/lucashenrique/Desktop/app-ecolog/src/screen/IntroScreen/Intro.tsx","statementMap":{"0":{"start":{"line":9,"column":23},"end":{"line":9,"column":28}},"1":{"start":{"line":13,"column":27},"end":{"line":33,"column":1}},"2":{"start":{"line":14,"column":2},"end":{"line":32,"column":4}}},"fnMap":{"0":{"name":"(anonymous_0)","decl":{"start":{"line":13,"column":27},"end":{"line":13,"column":28}},"loc":{"start":{"line":13,"column":33},"end":{"line":33,"column":1}},"line":13}},"branchMap":{},"s":{"0":2,"1":2,"2":1},"f":{"0":1},"b":{},"_coverageSchema":"1a1c01bbd47fc00a2c39e90264f33305004495a9","hash":"54afd4ba91ed6f0d8b019b96778298c4cef19ef3"}
,"/Users/lucashenrique/Desktop/app-ecolog/src/screen/SplashScreen/SplashScreen.tsx": {"path":"/Users/lucashenrique/Desktop/app-ecolog/src/screen/SplashScreen/SplashScreen.tsx","statementMap":{"0":{"start":{"line":6,"column":28},"end":{"line":22,"column":1}},"1":{"start":{"line":7,"column":19},"end":{"line":11,"column":3}},"2":{"start":{"line":8,"column":4},"end":{"line":10,"column":13}},"3":{"start":{"line":9,"column":6},"end":{"line":9,"column":41}},"4":{"start":{"line":14,"column":4},"end":{"line":14,"column":15}},"5":{"start":{"line":17,"column":2},"end":{"line":21,"column":4}},"6":{"start":{"line":24,"column":15},"end":{"line":31,"column":2}}},"fnMap":{"0":{"name":"(anonymous_0)","decl":{"start":{"line":6,"column":28},"end":{"line":6,"column":29}},"loc":{"start":{"line":6,"column":46},"end":{"line":22,"column":1}},"line":6},"1":{"name":"(anonymous_1)","decl":{"start":{"line":7,"column":19},"end":{"line":7,"column":20}},"loc":{"start":{"line":7,"column":25},"end":{"line":11,"column":3}},"line":7},"2":{"name":"(anonymous_2)","decl":{"start":{"line":8,"column":15},"end":{"line":8,"column":16}},"loc":{"start":{"line":8,"column":27},"end":{"line":10,"column":5}},"line":8}},"branchMap":{},"s":{"0":2,"1":2,"2":2,"3":0,"4":2,"5":2,"6":2},"f":{"0":2,"1":2,"2":0},"b":{},"_coverageSchema":"1a1c01bbd47fc00a2c39e90264f33305004495a9","hash":"6375b8cca6c737c535ddbf72e459ec9a298c8824"}
,"/Users/lucashenrique/Desktop/app-ecolog/src/services/api.ts": {"path":"/Users/lucashenrique/Desktop/app-ecolog/src/services/api.ts","statementMap":{"0":{"start":{"line":3,"column":16},"end":{"line":3,"column":41}},"1":{"start":{"line":5,"column":12},"end":{"line":7,"column":2}}},"fnMap":{},"branchMap":{},"s":{"0":0,"1":0},"f":{},"b":{}}
,"/Users/lucashenrique/Desktop/app-ecolog/src/store/configureStore.ts": {"path":"/Users/lucashenrique/Desktop/app-ecolog/src/store/configureStore.ts","statementMap":{"0":{"start":{"line":6,"column":35},"end":{"line":9,"column":53}},"1":{"start":{"line":9,"column":5},"end":{"line":9,"column":53}}},"fnMap":{"0":{"name":"(anonymous_0)","decl":{"start":{"line":6,"column":35},"end":{"line":6,"column":36}},"loc":{"start":{"line":9,"column":5},"end":{"line":9,"column":53}},"line":9}},"branchMap":{},"s":{"0":0,"1":0},"f":{"0":0},"b":{}}
,"/Users/lucashenrique/Desktop/app-ecolog/src/store/store.ts": {"path":"/Users/lucashenrique/Desktop/app-ecolog/src/store/store.ts","statementMap":{"0":{"start":{"line":5,"column":21},"end":{"line":7,"column":2}},"1":{"start":{"line":10,"column":2},"end":{"line":13,"column":5}}},"fnMap":{"0":{"name":"setupStore","decl":{"start":{"line":9,"column":16},"end":{"line":9,"column":26}},"loc":{"start":{"line":9,"column":71},"end":{"line":14,"column":1}},"line":9}},"branchMap":{},"s":{"0":2,"1":0},"f":{"0":0},"b":{},"_coverageSchema":"1a1c01bbd47fc00a2c39e90264f33305004495a9","hash":"88319c35b9ef6640f16345ee8f2e365dc38ab1e5"}
,"/Users/lucashenrique/Desktop/app-ecolog/src/utils/date.ts": {"path":"/Users/lucashenrique/Desktop/app-ecolog/src/utils/date.ts","statementMap":{"0":{"start":{"line":23,"column":27},"end":{"line":23,"column":39}},"1":{"start":{"line":24,"column":17},"end":{"line":24,"column":66}},"2":{"start":{"line":25,"column":24},"end":{"line":38,"column":1}},"3":{"start":{"line":46,"column":29},"end":{"line":48,"column":1}},"4":{"start":{"line":47,"column":2},"end":{"line":47,"column":29}},"5":{"start":{"line":50,"column":31},"end":{"line":52,"column":1}},"6":{"start":{"line":51,"column":2},"end":{"line":51,"column":33}},"7":{"start":{"line":54,"column":34},"end":{"line":59,"column":1}},"8":{"start":{"line":58,"column":2},"end":{"line":58,"column":51}},"9":{"start":{"line":62,"column":2},"end":{"line":62,"column":34}},"10":{"start":{"line":65,"column":36},"end":{"line":76,"column":1}},"11":{"start":{"line":66,"column":15},"end":{"line":66,"column":25}},"12":{"start":{"line":68,"column":16},"end":{"line":68,"column":31}},"13":{"start":{"line":69,"column":18},"end":{"line":69,"column":35}},"14":{"start":{"line":70,"column":18},"end":{"line":70,"column":35}},"15":{"start":{"line":72,"column":2},"end":{"line":75,"column":4}},"16":{"start":{"line":78,"column":30},"end":{"line":78,"column":55}},"17":{"start":{"line":78,"column":36},"end":{"line":78,"column":55}},"18":{"start":{"line":80,"column":35},"end":{"line":86,"column":1}},"19":{"start":{"line":81,"column":30},"end":{"line":81,"column":76}},"20":{"start":{"line":82,"column":26},"end":{"line":82,"column":49}},"21":{"start":{"line":83,"column":27},"end":{"line":83,"column":64}},"22":{"start":{"line":85,"column":2},"end":{"line":85,"column":26}},"23":{"start":{"line":88,"column":31},"end":{"line":89,"column":50}},"24":{"start":{"line":89,"column":2},"end":{"line":89,"column":50}},"25":{"start":{"line":91,"column":36},"end":{"line":91,"column":74}},"26":{"start":{"line":91,"column":60},"end":{"line":91,"column":74}},"27":{"start":{"line":93,"column":51},"end":{"line":94,"column":35}},"28":{"start":{"line":94,"column":2},"end":{"line":94,"column":35}},"29":{"start":{"line":96,"column":33},"end":{"line":97,"column":37}},"30":{"start":{"line":97,"column":2},"end":{"line":97,"column":37}},"31":{"start":{"line":99,"column":26},"end":{"line":102,"column":1}},"32":{"start":{"line":100,"column":18},"end":{"line":100,"column":42}},"33":{"start":{"line":101,"column":2},"end":{"line":101,"column":37}},"34":{"start":{"line":104,"column":36},"end":{"line":108,"column":1}},"35":{"start":{"line":105,"column":24},"end":{"line":105,"column":62}},"36":{"start":{"line":106,"column":18},"end":{"line":106,"column":28}},"37":{"start":{"line":107,"column":2},"end":{"line":107,"column":41}},"38":{"start":{"line":110,"column":26},"end":{"line":111,"column":49}},"39":{"start":{"line":111,"column":2},"end":{"line":111,"column":49}},"40":{"start":{"line":113,"column":38},"end":{"line":117,"column":68}},"41":{"start":{"line":117,"column":5},"end":{"line":117,"column":68}},"42":{"start":{"line":119,"column":36},"end":{"line":124,"column":1}},"43":{"start":{"line":123,"column":2},"end":{"line":123,"column":52}},"44":{"start":{"line":126,"column":31},"end":{"line":128,"column":1}},"45":{"start":{"line":127,"column":2},"end":{"line":127,"column":40}},"46":{"start":{"line":130,"column":36},"end":{"line":135,"column":1}},"47":{"start":{"line":131,"column":48},"end":{"line":131,"column":52}},"48":{"start":{"line":132,"column":15},"end":{"line":132,"column":41}},"49":{"start":{"line":134,"column":2},"end":{"line":134,"column":73}},"50":{"start":{"line":137,"column":31},"end":{"line":139,"column":1}},"51":{"start":{"line":138,"column":2},"end":{"line":138,"column":23}},"52":{"start":{"line":141,"column":31},"end":{"line":143,"column":1}},"53":{"start":{"line":142,"column":2},"end":{"line":142,"column":29}},"54":{"start":{"line":145,"column":33},"end":{"line":147,"column":1}},"55":{"start":{"line":146,"column":2},"end":{"line":146,"column":38}},"56":{"start":{"line":149,"column":32},"end":{"line":151,"column":1}},"57":{"start":{"line":150,"column":2},"end":{"line":150,"column":72}},"58":{"start":{"line":153,"column":29},"end":{"line":157,"column":1}},"59":{"start":{"line":154,"column":24},"end":{"line":154,"column":59}},"60":{"start":{"line":155,"column":18},"end":{"line":155,"column":28}},"61":{"start":{"line":156,"column":2},"end":{"line":156,"column":33}},"62":{"start":{"line":159,"column":28},"end":{"line":161,"column":1}},"63":{"start":{"line":160,"column":2},"end":{"line":160,"column":42}},"64":{"start":{"line":163,"column":32},"end":{"line":165,"column":1}},"65":{"start":{"line":164,"column":2},"end":{"line":164,"column":41}}},"fnMap":{"0":{"name":"(anonymous_0)","decl":{"start":{"line":46,"column":29},"end":{"line":46,"column":30}},"loc":{"start":{"line":46,"column":59},"end":{"line":48,"column":1}},"line":46},"1":{"name":"(anonymous_1)","decl":{"start":{"line":50,"column":31},"end":{"line":50,"column":32}},"loc":{"start":{"line":50,"column":63},"end":{"line":52,"column":1}},"line":50},"2":{"name":"(anonymous_2)","decl":{"start":{"line":54,"column":34},"end":{"line":54,"column":35}},"loc":{"start":{"line":57,"column":5},"end":{"line":59,"column":1}},"line":57},"3":{"name":"getCurrentDate","decl":{"start":{"line":61,"column":16},"end":{"line":61,"column":30}},"loc":{"start":{"line":61,"column":68},"end":{"line":63,"column":1}},"line":61},"4":{"name":"(anonymous_4)","decl":{"start":{"line":65,"column":36},"end":{"line":65,"column":37}},"loc":{"start":{"line":65,"column":63},"end":{"line":76,"column":1}},"line":65},"5":{"name":"(anonymous_5)","decl":{"start":{"line":78,"column":30},"end":{"line":78,"column":31}},"loc":{"start":{"line":78,"column":36},"end":{"line":78,"column":55}},"line":78},"6":{"name":"(anonymous_6)","decl":{"start":{"line":80,"column":35},"end":{"line":80,"column":36}},"loc":{"start":{"line":80,"column":72},"end":{"line":86,"column":1}},"line":80},"7":{"name":"(anonymous_7)","decl":{"start":{"line":88,"column":31},"end":{"line":88,"column":32}},"loc":{"start":{"line":89,"column":2},"end":{"line":89,"column":50}},"line":89},"8":{"name":"(anonymous_8)","decl":{"start":{"line":91,"column":36},"end":{"line":91,"column":37}},"loc":{"start":{"line":91,"column":60},"end":{"line":91,"column":74}},"line":91},"9":{"name":"(anonymous_9)","decl":{"start":{"line":93,"column":51},"end":{"line":93,"column":52}},"loc":{"start":{"line":94,"column":2},"end":{"line":94,"column":35}},"line":94},"10":{"name":"(anonymous_10)","decl":{"start":{"line":96,"column":33},"end":{"line":96,"column":34}},"loc":{"start":{"line":97,"column":2},"end":{"line":97,"column":37}},"line":97},"11":{"name":"(anonymous_11)","decl":{"start":{"line":99,"column":26},"end":{"line":99,"column":27}},"loc":{"start":{"line":99,"column":47},"end":{"line":102,"column":1}},"line":99},"12":{"name":"(anonymous_12)","decl":{"start":{"line":104,"column":36},"end":{"line":104,"column":37}},"loc":{"start":{"line":104,"column":58},"end":{"line":108,"column":1}},"line":104},"13":{"name":"(anonymous_13)","decl":{"start":{"line":110,"column":26},"end":{"line":110,"column":27}},"loc":{"start":{"line":111,"column":2},"end":{"line":111,"column":49}},"line":111},"14":{"name":"(anonymous_14)","decl":{"start":{"line":113,"column":38},"end":{"line":113,"column":39}},"loc":{"start":{"line":117,"column":5},"end":{"line":117,"column":68}},"line":117},"15":{"name":"(anonymous_15)","decl":{"start":{"line":119,"column":36},"end":{"line":119,"column":37}},"loc":{"start":{"line":122,"column":5},"end":{"line":124,"column":1}},"line":122},"16":{"name":"(anonymous_16)","decl":{"start":{"line":126,"column":31},"end":{"line":126,"column":32}},"loc":{"start":{"line":126,"column":70},"end":{"line":128,"column":1}},"line":126},"17":{"name":"(anonymous_17)","decl":{"start":{"line":130,"column":36},"end":{"line":130,"column":37}},"loc":{"start":{"line":130,"column":58},"end":{"line":135,"column":1}},"line":130},"18":{"name":"(anonymous_18)","decl":{"start":{"line":137,"column":31},"end":{"line":137,"column":32}},"loc":{"start":{"line":137,"column":47},"end":{"line":139,"column":1}},"line":137},"19":{"name":"(anonymous_19)","decl":{"start":{"line":141,"column":31},"end":{"line":141,"column":32}},"loc":{"start":{"line":141,"column":54},"end":{"line":143,"column":1}},"line":141},"20":{"name":"(anonymous_20)","decl":{"start":{"line":145,"column":33},"end":{"line":145,"column":34}},"loc":{"start":{"line":145,"column":58},"end":{"line":147,"column":1}},"line":145},"21":{"name":"(anonymous_21)","decl":{"start":{"line":149,"column":32},"end":{"line":149,"column":33}},"loc":{"start":{"line":149,"column":78},"end":{"line":151,"column":1}},"line":149},"22":{"name":"(anonymous_22)","decl":{"start":{"line":153,"column":29},"end":{"line":153,"column":30}},"loc":{"start":{"line":153,"column":52},"end":{"line":157,"column":1}},"line":153},"23":{"name":"(anonymous_23)","decl":{"start":{"line":159,"column":28},"end":{"line":159,"column":29}},"loc":{"start":{"line":159,"column":67},"end":{"line":161,"column":1}},"line":159},"24":{"name":"(anonymous_24)","decl":{"start":{"line":163,"column":32},"end":{"line":163,"column":33}},"loc":{"start":{"line":163,"column":71},"end":{"line":165,"column":1}},"line":163}},"branchMap":{"0":{"loc":{"start":{"line":61,"column":31},"end":{"line":61,"column":58}},"type":"default-arg","locations":[{"start":{"line":61,"column":46},"end":{"line":61,"column":58}}],"line":61},"1":{"loc":{"start":{"line":80,"column":54},"end":{"line":80,"column":67}},"type":"default-arg","locations":[{"start":{"line":80,"column":66},"end":{"line":80,"column":67}}],"line":80},"2":{"loc":{"start":{"line":110,"column":40},"end":{"line":110,"column":73}},"type":"default-arg","locations":[{"start":{"line":110,"column":61},"end":{"line":110,"column":73}}],"line":110},"3":{"loc":{"start":{"line":111,"column":2},"end":{"line":111,"column":49}},"type":"cond-expr","locations":[{"start":{"line":111,"column":19},"end":{"line":111,"column":44}},{"start":{"line":111,"column":47},"end":{"line":111,"column":49}}],"line":111},"4":{"loc":{"start":{"line":115,"column":2},"end":{"line":115,"column":39}},"type":"default-arg","locations":[{"start":{"line":115,"column":27},"end":{"line":115,"column":39}}],"line":115},"5":{"loc":{"start":{"line":116,"column":2},"end":{"line":116,"column":34}},"type":"default-arg","locations":[{"start":{"line":116,"column":22},"end":{"line":116,"column":34}}],"line":116},"6":{"loc":{"start":{"line":121,"column":2},"end":{"line":121,"column":30}},"type":"default-arg","locations":[{"start":{"line":121,"column":25},"end":{"line":121,"column":30}}],"line":121},"7":{"loc":{"start":{"line":131,"column":9},"end":{"line":131,"column":18}},"type":"default-arg","locations":[{"start":{"line":131,"column":17},"end":{"line":131,"column":18}}],"line":131},"8":{"loc":{"start":{"line":131,"column":20},"end":{"line":131,"column":31}},"type":"default-arg","locations":[{"start":{"line":131,"column":30},"end":{"line":131,"column":31}}],"line":131},"9":{"loc":{"start":{"line":131,"column":33},"end":{"line":131,"column":44}},"type":"default-arg","locations":[{"start":{"line":131,"column":43},"end":{"line":131,"column":44}}],"line":131},"10":{"loc":{"start":{"line":150,"column":9},"end":{"line":150,"column":71}},"type":"cond-expr","locations":[{"start":{"line":150,"column":18},"end":{"line":150,"column":62}},{"start":{"line":150,"column":66},"end":{"line":150,"column":71}}],"line":150},"11":{"loc":{"start":{"line":150,"column":18},"end":{"line":150,"column":62}},"type":"cond-expr","locations":[{"start":{"line":150,"column":50},"end":{"line":150,"column":54}},{"start":{"line":150,"column":57},"end":{"line":150,"column":62}}],"line":150}},"s":{"0":7,"1":7,"2":7,"3":7,"4":0,"5":7,"6":0,"7":7,"8":0,"9":0,"10":7,"11":0,"12":0,"13":0,"14":0,"15":0,"16":7,"17":0,"18":7,"19":0,"20":0,"21":0,"22":0,"23":7,"24":0,"25":7,"26":0,"27":7,"28":0,"29":7,"30":0,"31":7,"32":0,"33":0,"34":7,"35":0,"36":0,"37":0,"38":7,"39":0,"40":7,"41":0,"42":7,"43":0,"44":7,"45":0,"46":7,"47":0,"48":0,"49":0,"50":7,"51":0,"52":7,"53":0,"54":7,"55":0,"56":7,"57":0,"58":7,"59":0,"60":0,"61":0,"62":7,"63":0,"64":7,"65":0},"f":{"0":0,"1":0,"2":0,"3":0,"4":0,"5":0,"6":0,"7":0,"8":0,"9":0,"10":0,"11":0,"12":0,"13":0,"14":0,"15":0,"16":0,"17":0,"18":0,"19":0,"20":0,"21":0,"22":0,"23":0,"24":0},"b":{"0":[0],"1":[0],"2":[0],"3":[0,0],"4":[0],"5":[0],"6":[0],"7":[0],"8":[0],"9":[0],"10":[0,0],"11":[0,0]},"_coverageSchema":"1a1c01bbd47fc00a2c39e90264f33305004495a9","hash":"a18030ebfb7e0c3ee49d49a6060af8dbdc60160d"}
,"/Users/lucashenrique/Desktop/app-ecolog/src/utils/dimensions.ts": {"path":"/Users/lucashenrique/Desktop/app-ecolog/src/utils/dimensions.ts","statementMap":{"0":{"start":{"line":9,"column":25},"end":{"line":9,"column":37}},"1":{"start":{"line":11,"column":34},"end":{"line":12,"column":36}},"2":{"start":{"line":12,"column":2},"end":{"line":12,"column":36}},"3":{"start":{"line":14,"column":36},"end":{"line":14,"column":50}},"4":{"start":{"line":16,"column":33},"end":{"line":16,"column":63}},"5":{"start":{"line":18,"column":34},"end":{"line":18,"column":65}},"6":{"start":{"line":20,"column":35},"end":{"line":25,"column":1}},"7":{"start":{"line":22,"column":4},"end":{"line":22,"column":78}},"8":{"start":{"line":24,"column":2},"end":{"line":24,"column":73}},"9":{"start":{"line":27,"column":36},"end":{"line":36,"column":1}},"10":{"start":{"line":31,"column":4},"end":{"line":33,"column":33}},"11":{"start":{"line":35,"column":2},"end":{"line":35,"column":75}},"12":{"start":{"line":39,"column":27},"end":{"line":39,"column":30}},"13":{"start":{"line":40,"column":28},"end":{"line":40,"column":31}},"14":{"start":{"line":42,"column":21},"end":{"line":44,"column":1}},"15":{"start":{"line":43,"column":2},"end":{"line":43,"column":69}},"16":{"start":{"line":46,"column":29},"end":{"line":47,"column":45}},"17":{"start":{"line":47,"column":2},"end":{"line":47,"column":45}},"18":{"start":{"line":49,"column":31},"end":{"line":50,"column":43}},"19":{"start":{"line":50,"column":2},"end":{"line":50,"column":43}},"20":{"start":{"line":52,"column":29},"end":{"line":53,"column":38}},"21":{"start":{"line":53,"column":2},"end":{"line":53,"column":38}}},"fnMap":{"0":{"name":"(anonymous_0)","decl":{"start":{"line":11,"column":34},"end":{"line":11,"column":35}},"loc":{"start":{"line":12,"column":2},"end":{"line":12,"column":36}},"line":12},"1":{"name":"(anonymous_1)","decl":{"start":{"line":20,"column":35},"end":{"line":20,"column":36}},"loc":{"start":{"line":20,"column":78},"end":{"line":25,"column":1}},"line":20},"2":{"name":"(anonymous_2)","decl":{"start":{"line":27,"column":36},"end":{"line":27,"column":37}},"loc":{"start":{"line":29,"column":13},"end":{"line":36,"column":1}},"line":29},"3":{"name":"(anonymous_3)","decl":{"start":{"line":42,"column":21},"end":{"line":42,"column":22}},"loc":{"start":{"line":42,"column":39},"end":{"line":44,"column":1}},"line":42},"4":{"name":"(anonymous_4)","decl":{"start":{"line":46,"column":29},"end":{"line":46,"column":30}},"loc":{"start":{"line":47,"column":2},"end":{"line":47,"column":45}},"line":47},"5":{"name":"(anonymous_5)","decl":{"start":{"line":49,"column":31},"end":{"line":49,"column":32}},"loc":{"start":{"line":50,"column":2},"end":{"line":50,"column":43}},"line":50},"6":{"name":"(anonymous_6)","decl":{"start":{"line":52,"column":29},"end":{"line":52,"column":30}},"loc":{"start":{"line":53,"column":2},"end":{"line":53,"column":38}},"line":53}},"branchMap":{"0":{"loc":{"start":{"line":11,"column":35},"end":{"line":11,"column":63}},"type":"default-arg","locations":[{"start":{"line":11,"column":58},"end":{"line":11,"column":63}}],"line":11},"1":{"loc":{"start":{"line":22,"column":4},"end":{"line":22,"column":78}},"type":"cond-expr","locations":[{"start":{"line":22,"column":39},"end":{"line":22,"column":51}},{"start":{"line":22,"column":54},"end":{"line":22,"column":78}}],"line":22},"2":{"loc":{"start":{"line":31,"column":4},"end":{"line":33,"column":33}},"type":"cond-expr","locations":[{"start":{"line":32,"column":8},"end":{"line":32,"column":21}},{"start":{"line":33,"column":8},"end":{"line":33,"column":33}}],"line":31},"3":{"loc":{"start":{"line":43,"column":9},"end":{"line":43,"column":68}},"type":"cond-expr","locations":[{"start":{"line":43,"column":20},"end":{"line":43,"column":61}},{"start":{"line":43,"column":64},"end":{"line":43,"column":68}}],"line":43},"4":{"loc":{"start":{"line":52,"column":44},"end":{"line":52,"column":56}},"type":"default-arg","locations":[{"start":{"line":52,"column":53},"end":{"line":52,"column":56}}],"line":52}},"s":{"0":7,"1":7,"2":0,"3":7,"4":7,"5":7,"6":7,"7":0,"8":0,"9":7,"10":0,"11":0,"12":7,"13":7,"14":7,"15":172,"16":7,"17":0,"18":7,"19":0,"20":7,"21":0},"f":{"0":0,"1":0,"2":0,"3":172,"4":0,"5":0,"6":0},"b":{"0":[0],"1":[0,0],"2":[0,0],"3":[172,0],"4":[0]},"_coverageSchema":"1a1c01bbd47fc00a2c39e90264f33305004495a9","hash":"d91bf4ad27b41d3c8c56118852fc75d341b1b825"}
,"/Users/lucashenrique/Desktop/app-ecolog/src/utils/format.ts": {"path":"/Users/lucashenrique/Desktop/app-ecolog/src/utils/format.ts","statementMap":{"0":{"start":{"line":5,"column":25},"end":{"line":5,"column":65}},"1":{"start":{"line":5,"column":45},"end":{"line":5,"column":65}},"2":{"start":{"line":7,"column":25},"end":{"line":16,"column":1}},"3":{"start":{"line":8,"column":2},"end":{"line":15,"column":7}},"4":{"start":{"line":10,"column":6},"end":{"line":10,"column":30}},"5":{"start":{"line":14,"column":6},"end":{"line":14,"column":30}},"6":{"start":{"line":18,"column":26},"end":{"line":30,"column":1}},"7":{"start":{"line":19,"column":2},"end":{"line":29,"column":15}},"8":{"start":{"line":22,"column":6},"end":{"line":26,"column":7}},"9":{"start":{"line":23,"column":8},"end":{"line":23,"column":58}},"10":{"start":{"line":24,"column":13},"end":{"line":26,"column":7}},"11":{"start":{"line":25,"column":8},"end":{"line":25,"column":31}},"12":{"start":{"line":27,"column":6},"end":{"line":27,"column":15}},"13":{"start":{"line":32,"column":39},"end":{"line":34,"column":1}},"14":{"start":{"line":33,"column":2},"end":{"line":33,"column":54}},"15":{"start":{"line":36,"column":35},"end":{"line":36,"column":65}},"16":{"start":{"line":36,"column":52},"end":{"line":36,"column":65}},"17":{"start":{"line":38,"column":32},"end":{"line":41,"column":49}},"18":{"start":{"line":41,"column":13},"end":{"line":41,"column":49}},"19":{"start":{"line":51,"column":28},"end":{"line":84,"column":1}},"20":{"start":{"line":61,"column":4},"end":{"line":63,"column":24}},"21":{"start":{"line":65,"column":31},"end":{"line":65,"column":36}},"22":{"start":{"line":66,"column":26},"end":{"line":66,"column":76}},"23":{"start":{"line":69,"column":31},"end":{"line":69,"column":74}},"24":{"start":{"line":70,"column":2},"end":{"line":73,"column":4}},"25":{"start":{"line":75,"column":24},"end":{"line":75,"column":71}},"26":{"start":{"line":76,"column":20},"end":{"line":79,"column":3}},"27":{"start":{"line":81,"column":2},"end":{"line":83,"column":16}},"28":{"start":{"line":86,"column":38},"end":{"line":92,"column":1}},"29":{"start":{"line":87,"column":22},"end":{"line":87,"column":75}},"30":{"start":{"line":88,"column":2},"end":{"line":91,"column":5}},"31":{"start":{"line":94,"column":35},"end":{"line":102,"column":1}},"32":{"start":{"line":98,"column":2},"end":{"line":101,"column":5}},"33":{"start":{"line":108,"column":45},"end":{"line":118,"column":1}},"34":{"start":{"line":109,"column":24},"end":{"line":109,"column":51}},"35":{"start":{"line":110,"column":2},"end":{"line":115,"column":3}},"36":{"start":{"line":111,"column":34},"end":{"line":111,"column":57}},"37":{"start":{"line":112,"column":4},"end":{"line":114,"column":5}},"38":{"start":{"line":113,"column":6},"end":{"line":113,"column":26}},"39":{"start":{"line":117,"column":2},"end":{"line":117,"column":15}},"40":{"start":{"line":120,"column":36},"end":{"line":127,"column":1}},"41":{"start":{"line":121,"column":23},"end":{"line":121,"column":39}},"42":{"start":{"line":122,"column":2},"end":{"line":125,"column":3}},"43":{"start":{"line":123,"column":4},"end":{"line":124,"column":72}},"44":{"start":{"line":126,"column":2},"end":{"line":126,"column":62}},"45":{"start":{"line":129,"column":14},"end":{"line":129,"column":71}},"46":{"start":{"line":131,"column":27},"end":{"line":140,"column":1}},"47":{"start":{"line":132,"column":10},"end":{"line":132,"column":11}},"48":{"start":{"line":133,"column":8},"end":{"line":133,"column":43}},"49":{"start":{"line":135,"column":2},"end":{"line":137,"column":3}},"50":{"start":{"line":136,"column":4},"end":{"line":136,"column":17}},"51":{"start":{"line":139,"column":2},"end":{"line":139,"column":61}},"52":{"start":{"line":142,"column":37},"end":{"line":149,"column":1}},"53":{"start":{"line":143,"column":16},"end":{"line":143,"column":39}},"54":{"start":{"line":145,"column":2},"end":{"line":148,"column":4}},"55":{"start":{"line":147,"column":6},"end":{"line":147,"column":50}},"56":{"start":{"line":151,"column":25},"end":{"line":154,"column":1}},"57":{"start":{"line":152,"column":2},"end":{"line":152,"column":34}},"58":{"start":{"line":153,"column":2},"end":{"line":153,"column":68}},"59":{"start":{"line":156,"column":30},"end":{"line":158,"column":1}},"60":{"start":{"line":157,"column":2},"end":{"line":157,"column":36}},"61":{"start":{"line":160,"column":35},"end":{"line":173,"column":1}},"62":{"start":{"line":161,"column":2},"end":{"line":171,"column":3}},"63":{"start":{"line":162,"column":4},"end":{"line":170,"column":17}},"64":{"start":{"line":168,"column":8},"end":{"line":168,"column":70}},"65":{"start":{"line":172,"column":2},"end":{"line":172,"column":14}},"66":{"start":{"line":175,"column":35},"end":{"line":181,"column":1}},"67":{"start":{"line":176,"column":2},"end":{"line":180,"column":4}},"68":{"start":{"line":183,"column":41},"end":{"line":197,"column":1}},"69":{"start":{"line":188,"column":2},"end":{"line":196,"column":3}},"70":{"start":{"line":193,"column":4},"end":{"line":193,"column":36}},"71":{"start":{"line":195,"column":4},"end":{"line":195,"column":14}},"72":{"start":{"line":199,"column":30},"end":{"line":237,"column":1}},"73":{"start":{"line":204,"column":26},"end":{"line":204,"column":28}},"74":{"start":{"line":205,"column":23},"end":{"line":205,"column":66}},"75":{"start":{"line":206,"column":2},"end":{"line":213,"column":3}},"76":{"start":{"line":206,"column":15},"end":{"line":206,"column":16}},"77":{"start":{"line":207,"column":24},"end":{"line":207,"column":49}},"78":{"start":{"line":210,"column":4},"end":{"line":212,"column":11}},"79":{"start":{"line":215,"column":2},"end":{"line":229,"column":5}},"80":{"start":{"line":216,"column":27},"end":{"line":218,"column":34}},"81":{"start":{"line":221,"column":4},"end":{"line":228,"column":5}},"82":{"start":{"line":223,"column":6},"end":{"line":227,"column":9}},"83":{"start":{"line":231,"column":25},"end":{"line":231,"column":57}},"84":{"start":{"line":232,"column":25},"end":{"line":234,"column":3}},"85":{"start":{"line":233,"column":4},"end":{"line":233,"column":40}},"86":{"start":{"line":236,"column":2},"end":{"line":236,"column":24}}},"fnMap":{"0":{"name":"(anonymous_0)","decl":{"start":{"line":5,"column":25},"end":{"line":5,"column":26}},"loc":{"start":{"line":5,"column":45},"end":{"line":5,"column":65}},"line":5},"1":{"name":"(anonymous_1)","decl":{"start":{"line":7,"column":25},"end":{"line":7,"column":26}},"loc":{"start":{"line":7,"column":48},"end":{"line":16,"column":1}},"line":7},"2":{"name":"(anonymous_2)","decl":{"start":{"line":9,"column":23},"end":{"line":9,"column":24}},"loc":{"start":{"line":9,"column":37},"end":{"line":11,"column":5}},"line":9},"3":{"name":"(anonymous_3)","decl":{"start":{"line":13,"column":21},"end":{"line":13,"column":22}},"loc":{"start":{"line":13,"column":35},"end":{"line":15,"column":5}},"line":13},"4":{"name":"(anonymous_4)","decl":{"start":{"line":18,"column":26},"end":{"line":18,"column":27}},"loc":{"start":{"line":18,"column":49},"end":{"line":30,"column":1}},"line":18},"5":{"name":"(anonymous_5)","decl":{"start":{"line":21,"column":9},"end":{"line":21,"column":10}},"loc":{"start":{"line":21,"column":14},"end":{"line":28,"column":5}},"line":21},"6":{"name":"(anonymous_6)","decl":{"start":{"line":32,"column":39},"end":{"line":32,"column":40}},"loc":{"start":{"line":32,"column":57},"end":{"line":34,"column":1}},"line":32},"7":{"name":"(anonymous_7)","decl":{"start":{"line":36,"column":35},"end":{"line":36,"column":36}},"loc":{"start":{"line":36,"column":52},"end":{"line":36,"column":65}},"line":36},"8":{"name":"(anonymous_8)","decl":{"start":{"line":38,"column":32},"end":{"line":38,"column":33}},"loc":{"start":{"line":41,"column":13},"end":{"line":41,"column":49}},"line":41},"9":{"name":"(anonymous_9)","decl":{"start":{"line":51,"column":28},"end":{"line":51,"column":29}},"loc":{"start":{"line":59,"column":13},"end":{"line":84,"column":1}},"line":59},"10":{"name":"(anonymous_10)","decl":{"start":{"line":86,"column":38},"end":{"line":86,"column":39}},"loc":{"start":{"line":86,"column":66},"end":{"line":92,"column":1}},"line":86},"11":{"name":"(anonymous_11)","decl":{"start":{"line":94,"column":35},"end":{"line":94,"column":36}},"loc":{"start":{"line":97,"column":5},"end":{"line":102,"column":1}},"line":97},"12":{"name":"(anonymous_12)","decl":{"start":{"line":108,"column":45},"end":{"line":108,"column":46}},"loc":{"start":{"line":108,"column":64},"end":{"line":118,"column":1}},"line":108},"13":{"name":"(anonymous_13)","decl":{"start":{"line":120,"column":36},"end":{"line":120,"column":37}},"loc":{"start":{"line":120,"column":64},"end":{"line":127,"column":1}},"line":120},"14":{"name":"(anonymous_14)","decl":{"start":{"line":131,"column":27},"end":{"line":131,"column":28}},"loc":{"start":{"line":131,"column":46},"end":{"line":140,"column":1}},"line":131},"15":{"name":"(anonymous_15)","decl":{"start":{"line":142,"column":37},"end":{"line":142,"column":38}},"loc":{"start":{"line":142,"column":61},"end":{"line":149,"column":1}},"line":142},"16":{"name":"(anonymous_16)","decl":{"start":{"line":146,"column":4},"end":{"line":146,"column":5}},"loc":{"start":{"line":147,"column":6},"end":{"line":147,"column":50}},"line":147},"17":{"name":"(anonymous_17)","decl":{"start":{"line":151,"column":25},"end":{"line":151,"column":26}},"loc":{"start":{"line":151,"column":42},"end":{"line":154,"column":1}},"line":151},"18":{"name":"(anonymous_18)","decl":{"start":{"line":156,"column":30},"end":{"line":156,"column":31}},"loc":{"start":{"line":156,"column":79},"end":{"line":158,"column":1}},"line":156},"19":{"name":"(anonymous_19)","decl":{"start":{"line":160,"column":35},"end":{"line":160,"column":36}},"loc":{"start":{"line":160,"column":72},"end":{"line":173,"column":1}},"line":160},"20":{"name":"(anonymous_20)","decl":{"start":{"line":167,"column":11},"end":{"line":167,"column":12}},"loc":{"start":{"line":167,"column":29},"end":{"line":169,"column":7}},"line":167},"21":{"name":"(anonymous_21)","decl":{"start":{"line":175,"column":35},"end":{"line":175,"column":36}},"loc":{"start":{"line":175,"column":60},"end":{"line":181,"column":1}},"line":175},"22":{"name":"(anonymous_22)","decl":{"start":{"line":183,"column":41},"end":{"line":183,"column":42}},"loc":{"start":{"line":187,"column":5},"end":{"line":197,"column":1}},"line":187},"23":{"name":"(anonymous_23)","decl":{"start":{"line":199,"column":30},"end":{"line":199,"column":31}},"loc":{"start":{"line":203,"column":5},"end":{"line":237,"column":1}},"line":203},"24":{"name":"(anonymous_24)","decl":{"start":{"line":215,"column":19},"end":{"line":215,"column":20}},"loc":{"start":{"line":215,"column":27},"end":{"line":229,"column":3}},"line":215},"25":{"name":"(anonymous_25)","decl":{"start":{"line":232,"column":44},"end":{"line":232,"column":45}},"loc":{"start":{"line":233,"column":4},"end":{"line":233,"column":40}},"line":233}},"branchMap":{"0":{"loc":{"start":{"line":7,"column":26},"end":{"line":7,"column":43}},"type":"default-arg","locations":[{"start":{"line":7,"column":41},"end":{"line":7,"column":43}}],"line":7},"1":{"loc":{"start":{"line":18,"column":27},"end":{"line":18,"column":44}},"type":"default-arg","locations":[{"start":{"line":18,"column":42},"end":{"line":18,"column":44}}],"line":18},"2":{"loc":{"start":{"line":22,"column":6},"end":{"line":26,"column":7}},"type":"if","locations":[{"start":{"line":22,"column":6},"end":{"line":26,"column":7}},{"start":{"line":24,"column":13},"end":{"line":26,"column":7}}],"line":22},"3":{"loc":{"start":{"line":24,"column":13},"end":{"line":26,"column":7}},"type":"if","locations":[{"start":{"line":24,"column":13},"end":{"line":26,"column":7}},{"start":{},"end":{}}],"line":24},"4":{"loc":{"start":{"line":53,"column":2},"end":{"line":58,"column":29}},"type":"default-arg","locations":[{"start":{"line":58,"column":27},"end":{"line":58,"column":29}}],"line":53},"5":{"loc":{"start":{"line":54,"column":4},"end":{"line":54,"column":26}},"type":"default-arg","locations":[{"start":{"line":54,"column":23},"end":{"line":54,"column":26}}],"line":54},"6":{"loc":{"start":{"line":55,"column":4},"end":{"line":55,"column":28}},"type":"default-arg","locations":[{"start":{"line":55,"column":25},"end":{"line":55,"column":28}}],"line":55},"7":{"loc":{"start":{"line":56,"column":4},"end":{"line":56,"column":24}},"type":"default-arg","locations":[{"start":{"line":56,"column":20},"end":{"line":56,"column":24}}],"line":56},"8":{"loc":{"start":{"line":57,"column":4},"end":{"line":57,"column":31}},"type":"default-arg","locations":[{"start":{"line":57,"column":27},"end":{"line":57,"column":31}}],"line":57},"9":{"loc":{"start":{"line":61,"column":4},"end":{"line":63,"column":24}},"type":"cond-expr","locations":[{"start":{"line":62,"column":8},"end":{"line":62,"column":57}},{"start":{"line":63,"column":8},"end":{"line":63,"column":24}}],"line":61},"10":{"loc":{"start":{"line":81,"column":9},"end":{"line":83,"column":15}},"type":"cond-expr","locations":[{"start":{"line":82,"column":6},"end":{"line":82,"column":68}},{"start":{"line":83,"column":6},"end":{"line":83,"column":15}}],"line":81},"11":{"loc":{"start":{"line":81,"column":9},"end":{"line":81,"column":73}},"type":"binary-expr","locations":[{"start":{"line":81,"column":9},"end":{"line":81,"column":29}},{"start":{"line":81,"column":33},"end":{"line":81,"column":73}}],"line":81},"12":{"loc":{"start":{"line":87,"column":22},"end":{"line":87,"column":75}},"type":"cond-expr","locations":[{"start":{"line":87,"column":50},"end":{"line":87,"column":67}},{"start":{"line":87,"column":70},"end":{"line":87,"column":75}}],"line":87},"13":{"loc":{"start":{"line":96,"column":2},"end":{"line":96,"column":35}},"type":"default-arg","locations":[{"start":{"line":96,"column":33},"end":{"line":96,"column":35}}],"line":96},"14":{"loc":{"start":{"line":96,"column":3},"end":{"line":96,"column":29}},"type":"default-arg","locations":[{"start":{"line":96,"column":24},"end":{"line":96,"column":29}}],"line":96},"15":{"loc":{"start":{"line":99,"column":19},"end":{"line":99,"column":45}},"type":"cond-expr","locations":[{"start":{"line":99,"column":40},"end":{"line":99,"column":41}},{"start":{"line":99,"column":44},"end":{"line":99,"column":45}}],"line":99},"16":{"loc":{"start":{"line":110,"column":2},"end":{"line":115,"column":3}},"type":"if","locations":[{"start":{"line":110,"column":2},"end":{"line":115,"column":3}},{"start":{},"end":{}}],"line":110},"17":{"loc":{"start":{"line":112,"column":4},"end":{"line":114,"column":5}},"type":"if","locations":[{"start":{"line":112,"column":4},"end":{"line":114,"column":5}},{"start":{},"end":{}}],"line":112},"18":{"loc":{"start":{"line":122,"column":2},"end":{"line":125,"column":3}},"type":"if","locations":[{"start":{"line":122,"column":2},"end":{"line":125,"column":3}},{"start":{},"end":{}}],"line":122},"19":{"loc":{"start":{"line":122,"column":6},"end":{"line":122,"column":60}},"type":"binary-expr","locations":[{"start":{"line":122,"column":6},"end":{"line":122,"column":31}},{"start":{"line":122,"column":35},"end":{"line":122,"column":60}}],"line":122},"20":{"loc":{"start":{"line":133,"column":8},"end":{"line":133,"column":43}},"type":"binary-expr","locations":[{"start":{"line":133,"column":8},"end":{"line":133,"column":38}},{"start":{"line":133,"column":42},"end":{"line":133,"column":43}}],"line":133},"21":{"loc":{"start":{"line":135,"column":9},"end":{"line":135,"column":25}},"type":"binary-expr","locations":[{"start":{"line":135,"column":9},"end":{"line":135,"column":18}},{"start":{"line":135,"column":22},"end":{"line":135,"column":25}}],"line":135},"22":{"loc":{"start":{"line":139,"column":19},"end":{"line":139,"column":42}},"type":"cond-expr","locations":[{"start":{"line":139,"column":37},"end":{"line":139,"column":38}},{"start":{"line":139,"column":41},"end":{"line":139,"column":42}}],"line":139},"23":{"loc":{"start":{"line":139,"column":19},"end":{"line":139,"column":34}},"type":"binary-expr","locations":[{"start":{"line":139,"column":19},"end":{"line":139,"column":25}},{"start":{"line":139,"column":29},"end":{"line":139,"column":34}}],"line":139},"24":{"loc":{"start":{"line":142,"column":38},"end":{"line":142,"column":56}},"type":"default-arg","locations":[{"start":{"line":142,"column":54},"end":{"line":142,"column":56}}],"line":142},"25":{"loc":{"start":{"line":147,"column":19},"end":{"line":147,"column":38}},"type":"cond-expr","locations":[{"start":{"line":147,"column":30},"end":{"line":147,"column":33}},{"start":{"line":147,"column":36},"end":{"line":147,"column":38}}],"line":147},"26":{"loc":{"start":{"line":160,"column":36},"end":{"line":160,"column":59}},"type":"default-arg","locations":[{"start":{"line":160,"column":51},"end":{"line":160,"column":59}}],"line":160},"27":{"loc":{"start":{"line":161,"column":2},"end":{"line":171,"column":3}},"type":"if","locations":[{"start":{"line":161,"column":2},"end":{"line":171,"column":3}},{"start":{},"end":{}}],"line":161},"28":{"loc":{"start":{"line":188,"column":2},"end":{"line":196,"column":3}},"type":"if","locations":[{"start":{"line":188,"column":2},"end":{"line":196,"column":3}},{"start":{"line":194,"column":9},"end":{"line":196,"column":3}}],"line":188},"29":{"loc":{"start":{"line":189,"column":4},"end":{"line":191,"column":28}},"type":"binary-expr","locations":[{"start":{"line":189,"column":4},"end":{"line":189,"column":25}},{"start":{"line":190,"column":4},"end":{"line":190,"column":25}},{"start":{"line":191,"column":4},"end":{"line":191,"column":28}}],"line":189},"30":{"loc":{"start":{"line":221,"column":4},"end":{"line":228,"column":5}},"type":"if","locations":[{"start":{"line":221,"column":4},"end":{"line":228,"column":5}},{"start":{},"end":{}}],"line":221},"31":{"loc":{"start":{"line":233,"column":4},"end":{"line":233,"column":40}},"type":"cond-expr","locations":[{"start":{"line":233,"column":24},"end":{"line":233,"column":33}},{"start":{"line":233,"column":36},"end":{"line":233,"column":40}}],"line":233}},"s":{"0":7,"1":0,"2":7,"3":0,"4":0,"5":0,"6":7,"7":0,"8":0,"9":0,"10":0,"11":0,"12":0,"13":7,"14":0,"15":7,"16":0,"17":7,"18":0,"19":7,"20":0,"21":0,"22":0,"23":0,"24":0,"25":0,"26":0,"27":0,"28":7,"29":0,"30":0,"31":7,"32":0,"33":7,"34":0,"35":0,"36":0,"37":0,"38":0,"39":0,"40":7,"41":0,"42":0,"43":0,"44":0,"45":7,"46":7,"47":0,"48":0,"49":0,"50":0,"51":0,"52":7,"53":0,"54":0,"55":0,"56":7,"57":0,"58":0,"59":7,"60":0,"61":7,"62":0,"63":0,"64":0,"65":0,"66":7,"67":0,"68":7,"69":0,"70":0,"71":0,"72":7,"73":0,"74":0,"75":0,"76":0,"77":0,"78":0,"79":0,"80":0,"81":0,"82":0,"83":0,"84":0,"85":0,"86":0},"f":{"0":0,"1":0,"2":0,"3":0,"4":0,"5":0,"6":0,"7":0,"8":0,"9":0,"10":0,"11":0,"12":0,"13":0,"14":0,"15":0,"16":0,"17":0,"18":0,"19":0,"20":0,"21":0,"22":0,"23":0,"24":0,"25":0},"b":{"0":[0],"1":[0],"2":[0,0],"3":[0,0],"4":[0],"5":[0],"6":[0],"7":[0],"8":[0],"9":[0,0],"10":[0,0],"11":[0,0],"12":[0,0],"13":[0],"14":[0],"15":[0,0],"16":[0,0],"17":[0,0],"18":[0,0],"19":[0,0],"20":[0,0],"21":[0,0],"22":[0,0],"23":[0,0],"24":[0],"25":[0,0],"26":[0],"27":[0,0],"28":[0,0],"29":[0,0,0],"30":[0,0],"31":[0,0]},"_coverageSchema":"1a1c01bbd47fc00a2c39e90264f33305004495a9","hash":"bf67ba999da58754f9968ead19c15da6c4c4193e"}
,"/Users/lucashenrique/Desktop/app-ecolog/src/utils/mask.ts": {"path":"/Users/lucashenrique/Desktop/app-ecolog/src/utils/mask.ts","statementMap":{"0":{"start":{"line":8,"column":22},"end":{"line":8,"column":43}},"1":{"start":{"line":9,"column":41},"end":{"line":9,"column":60}},"2":{"start":{"line":10,"column":41},"end":{"line":10,"column":60}},"3":{"start":{"line":11,"column":43},"end":{"line":11,"column":62}},"4":{"start":{"line":17,"column":33},"end":{"line":17,"column":35}},"5":{"start":{"line":19,"column":33},"end":{"line":25,"column":1}},"6":{"start":{"line":20,"column":2},"end":{"line":24,"column":9}},"7":{"start":{"line":27,"column":33},"end":{"line":28,"column":44}},"8":{"start":{"line":28,"column":2},"end":{"line":28,"column":44}},"9":{"start":{"line":30,"column":0},"end":{"line":30,"column":43}},"10":{"start":{"line":32,"column":0},"end":{"line":32,"column":45}},"11":{"start":{"line":34,"column":36},"end":{"line":35,"column":51}},"12":{"start":{"line":35,"column":2},"end":{"line":35,"column":51}},"13":{"start":{"line":38,"column":25},"end":{"line":46,"column":1}},"14":{"start":{"line":39,"column":19},"end":{"line":39,"column":35}},"15":{"start":{"line":40,"column":2},"end":{"line":42,"column":3}},"16":{"start":{"line":41,"column":4},"end":{"line":41,"column":57}},"17":{"start":{"line":43,"column":23},"end":{"line":43,"column":40}},"18":{"start":{"line":44,"column":23},"end":{"line":44,"column":68}},"19":{"start":{"line":45,"column":2},"end":{"line":45,"column":49}},"20":{"start":{"line":48,"column":31},"end":{"line":63,"column":1}},"21":{"start":{"line":54,"column":2},"end":{"line":54,"column":40}},"22":{"start":{"line":55,"column":2},"end":{"line":62,"column":3}},"23":{"start":{"line":56,"column":4},"end":{"line":56,"column":56}},"24":{"start":{"line":58,"column":4},"end":{"line":61,"column":8}},"25":{"start":{"line":66,"column":37},"end":{"line":68,"column":1}},"26":{"start":{"line":67,"column":2},"end":{"line":67,"column":79}},"27":{"start":{"line":71,"column":26},"end":{"line":85,"column":1}},"28":{"start":{"line":75,"column":2},"end":{"line":84,"column":3}},"29":{"start":{"line":77,"column":6},"end":{"line":77,"column":30}},"30":{"start":{"line":79,"column":32},"end":{"line":79,"column":58}},"31":{"start":{"line":80,"column":6},"end":{"line":80,"column":46}},"32":{"start":{"line":83,"column":6},"end":{"line":83,"column":42}},"33":{"start":{"line":87,"column":38},"end":{"line":104,"column":1}},"34":{"start":{"line":91,"column":22},"end":{"line":91,"column":31}},"35":{"start":{"line":93,"column":2},"end":{"line":103,"column":3}},"36":{"start":{"line":94,"column":4},"end":{"line":94,"column":18}},"37":{"start":{"line":96,"column":4},"end":{"line":102,"column":5}},"38":{"start":{"line":97,"column":6},"end":{"line":97,"column":39}},"39":{"start":{"line":98,"column":11},"end":{"line":102,"column":5}},"40":{"start":{"line":99,"column":6},"end":{"line":99,"column":39}},"41":{"start":{"line":101,"column":6},"end":{"line":101,"column":41}},"42":{"start":{"line":106,"column":31},"end":{"line":124,"column":1}},"43":{"start":{"line":113,"column":22},"end":{"line":113,"column":31}},"44":{"start":{"line":116,"column":2},"end":{"line":123,"column":3}},"45":{"start":{"line":117,"column":16},"end":{"line":117,"column":43}},"46":{"start":{"line":118,"column":4},"end":{"line":118,"column":57}},"47":{"start":{"line":119,"column":4},"end":{"line":119,"column":56}},"48":{"start":{"line":121,"column":4},"end":{"line":121,"column":78}},"49":{"start":{"line":122,"column":4},"end":{"line":122,"column":62}}},"fnMap":{"0":{"name":"(anonymous_0)","decl":{"start":{"line":19,"column":33},"end":{"line":19,"column":34}},"loc":{"start":{"line":19,"column":58},"end":{"line":25,"column":1}},"line":19},"1":{"name":"(anonymous_1)","decl":{"start":{"line":27,"column":33},"end":{"line":27,"column":34}},"loc":{"start":{"line":28,"column":2},"end":{"line":28,"column":44}},"line":28},"2":{"name":"(anonymous_2)","decl":{"start":{"line":34,"column":36},"end":{"line":34,"column":37}},"loc":{"start":{"line":35,"column":2},"end":{"line":35,"column":51}},"line":35},"3":{"name":"(anonymous_3)","decl":{"start":{"line":38,"column":25},"end":{"line":38,"column":26}},"loc":{"start":{"line":38,"column":44},"end":{"line":46,"column":1}},"line":38},"4":{"name":"(anonymous_4)","decl":{"start":{"line":48,"column":31},"end":{"line":48,"column":32}},"loc":{"start":{"line":52,"column":13},"end":{"line":63,"column":1}},"line":52},"5":{"name":"(anonymous_5)","decl":{"start":{"line":66,"column":37},"end":{"line":66,"column":38}},"loc":{"start":{"line":66,"column":68},"end":{"line":68,"column":1}},"line":66},"6":{"name":"(anonymous_6)","decl":{"start":{"line":71,"column":26},"end":{"line":71,"column":27}},"loc":{"start":{"line":74,"column":5},"end":{"line":85,"column":1}},"line":74},"7":{"name":"(anonymous_7)","decl":{"start":{"line":87,"column":38},"end":{"line":87,"column":39}},"loc":{"start":{"line":90,"column":6},"end":{"line":104,"column":1}},"line":90},"8":{"name":"(anonymous_8)","decl":{"start":{"line":106,"column":31},"end":{"line":106,"column":32}},"loc":{"start":{"line":112,"column":5},"end":{"line":124,"column":1}},"line":112}},"branchMap":{"0":{"loc":{"start":{"line":20,"column":9},"end":{"line":24,"column":8}},"type":"cond-expr","locations":[{"start":{"line":21,"column":6},"end":{"line":23,"column":8}},{"start":{"line":24,"column":6},"end":{"line":24,"column":8}}],"line":20},"1":{"loc":{"start":{"line":40,"column":2},"end":{"line":42,"column":3}},"type":"if","locations":[{"start":{"line":40,"column":2},"end":{"line":42,"column":3}},{"start":{},"end":{}}],"line":40},"2":{"loc":{"start":{"line":54,"column":2},"end":{"line":54,"column":39}},"type":"cond-expr","locations":[{"start":{"line":54,"column":9},"end":{"line":54,"column":25}},{"start":{"line":54,"column":30},"end":{"line":54,"column":38}}],"line":54},"3":{"loc":{"start":{"line":55,"column":2},"end":{"line":62,"column":3}},"type":"if","locations":[{"start":{"line":55,"column":2},"end":{"line":62,"column":3}},{"start":{"line":57,"column":9},"end":{"line":62,"column":3}}],"line":55},"4":{"loc":{"start":{"line":75,"column":2},"end":{"line":84,"column":3}},"type":"switch","locations":[{"start":{"line":76,"column":4},"end":{"line":77,"column":30}},{"start":{"line":78,"column":4},"end":{"line":80,"column":46}},{"start":{"line":81,"column":4},"end":{"line":81,"column":15}},{"start":{"line":82,"column":4},"end":{"line":83,"column":42}}],"line":75},"5":{"loc":{"start":{"line":93,"column":2},"end":{"line":103,"column":3}},"type":"if","locations":[{"start":{"line":93,"column":2},"end":{"line":103,"column":3}},{"start":{"line":95,"column":9},"end":{"line":103,"column":3}}],"line":93},"6":{"loc":{"start":{"line":96,"column":4},"end":{"line":102,"column":5}},"type":"if","locations":[{"start":{"line":96,"column":4},"end":{"line":102,"column":5}},{"start":{"line":98,"column":11},"end":{"line":102,"column":5}}],"line":96},"7":{"loc":{"start":{"line":98,"column":11},"end":{"line":102,"column":5}},"type":"if","locations":[{"start":{"line":98,"column":11},"end":{"line":102,"column":5}},{"start":{"line":100,"column":11},"end":{"line":102,"column":5}}],"line":98},"8":{"loc":{"start":{"line":116,"column":2},"end":{"line":123,"column":3}},"type":"if","locations":[{"start":{"line":116,"column":2},"end":{"line":123,"column":3}},{"start":{"line":120,"column":9},"end":{"line":123,"column":3}}],"line":116},"9":{"loc":{"start":{"line":119,"column":34},"end":{"line":119,"column":49}},"type":"binary-expr","locations":[{"start":{"line":119,"column":34},"end":{"line":119,"column":43}},{"start":{"line":119,"column":47},"end":{"line":119,"column":49}}],"line":119},"10":{"loc":{"start":{"line":121,"column":34},"end":{"line":121,"column":56}},"type":"binary-expr","locations":[{"start":{"line":121,"column":34},"end":{"line":121,"column":51}},{"start":{"line":121,"column":55},"end":{"line":121,"column":56}}],"line":121},"11":{"loc":{"start":{"line":122,"column":34},"end":{"line":122,"column":49}},"type":"binary-expr","locations":[{"start":{"line":122,"column":34},"end":{"line":122,"column":43}},{"start":{"line":122,"column":47},"end":{"line":122,"column":49}}],"line":122}},"s":{"0":0,"1":0,"2":0,"3":0,"4":0,"5":0,"6":0,"7":0,"8":0,"9":0,"10":0,"11":0,"12":0,"13":0,"14":0,"15":0,"16":0,"17":0,"18":0,"19":0,"20":0,"21":0,"22":0,"23":0,"24":0,"25":0,"26":0,"27":0,"28":0,"29":0,"30":0,"31":0,"32":0,"33":0,"34":0,"35":0,"36":0,"37":0,"38":0,"39":0,"40":0,"41":0,"42":0,"43":0,"44":0,"45":0,"46":0,"47":0,"48":0,"49":0},"f":{"0":0,"1":0,"2":0,"3":0,"4":0,"5":0,"6":0,"7":0,"8":0},"b":{"0":[0,0],"1":[0,0],"2":[0,0],"3":[0,0],"4":[0,0,0,0],"5":[0,0],"6":[0,0],"7":[0,0],"8":[0,0],"9":[0,0],"10":[0,0],"11":[0,0]}}
,"/Users/lucashenrique/Desktop/app-ecolog/src/utils/native.ts": {"path":"/Users/lucashenrique/Desktop/app-ecolog/src/utils/native.ts","statementMap":{"0":{"start":{"line":10,"column":2},"end":{"line":10,"column":21}},"1":{"start":{"line":14,"column":2},"end":{"line":14,"column":22}},"2":{"start":{"line":17,"column":2},"end":{"line":17,"column":33}},"3":{"start":{"line":21,"column":2},"end":{"line":21,"column":33}},"4":{"start":{"line":30,"column":2},"end":{"line":30,"column":48}}},"fnMap":{"0":{"name":"getPlatform","decl":{"start":{"line":9,"column":16},"end":{"line":9,"column":27}},"loc":{"start":{"line":9,"column":46},"end":{"line":11,"column":1}},"line":9},"1":{"name":"getAppVersion","decl":{"start":{"line":13,"column":16},"end":{"line":13,"column":29}},"loc":{"start":{"line":13,"column":40},"end":{"line":15,"column":1}},"line":13},"2":{"name":"isIOS","decl":{"start":{"line":16,"column":16},"end":{"line":16,"column":21}},"loc":{"start":{"line":16,"column":33},"end":{"line":18,"column":1}},"line":16},"3":{"name":"isWeb","decl":{"start":{"line":20,"column":16},"end":{"line":20,"column":21}},"loc":{"start":{"line":20,"column":33},"end":{"line":22,"column":1}},"line":20},"4":{"name":"triggerAlert","decl":{"start":{"line":24,"column":16},"end":{"line":24,"column":28}},"loc":{"start":{"line":29,"column":2},"end":{"line":31,"column":1}},"line":29}},"branchMap":{"0":{"loc":{"start":{"line":26,"column":2},"end":{"line":26,"column":12}},"type":"default-arg","locations":[{"start":{"line":26,"column":10},"end":{"line":26,"column":12}}],"line":26},"1":{"loc":{"start":{"line":27,"column":2},"end":{"line":27,"column":41}},"type":"default-arg","locations":[{"start":{"line":27,"column":27},"end":{"line":27,"column":41}}],"line":27}},"s":{"0":172,"1":0,"2":0,"3":172,"4":0},"f":{"0":172,"1":0,"2":0,"3":172,"4":0},"b":{"0":[0],"1":[0]},"_coverageSchema":"1a1c01bbd47fc00a2c39e90264f33305004495a9","hash":"d83285860e83cd5fe3bcdc671ff78b2857fa8f99"}
}
