TN:
SF:src/App.tsx
FN:8,(anonymous_0)
FNF:1
FNH:1
FNDA:1,(anonymous_0)
DA:8,1
DA:9,1
LF:2
LH:2
BRF:0
BRH:0
end_of_record
TN:
SF:src/common/colors.ts
FNF:0
FNH:0
DA:1,8
LF:1
LH:1
BRF:0
BRH:0
end_of_record
TN:
SF:src/common/fonts.ts
FNF:0
FNH:0
DA:5,6
LF:1
LH:1
BRF:0
BRH:0
end_of_record
TN:
SF:src/common/sizes.ts
FNF:0
FNH:0
DA:3,0
LF:1
LH:0
BRF:0
BRH:0
end_of_record
TN:
SF:src/common/typography.ts
FNF:0
FNH:0
DA:5,6
DA:6,6
DA:8,6
LF:3
LH:3
BRF:0
BRH:0
end_of_record
TN:
SF:src/components/atomic/Button/Button.tsx
FN:19,(anonymous_0)
FN:32,(anonymous_1)
FNF:2
FNH:2
FNDA:9,(anonymous_0)
FNDA:1,(anonymous_1)
DA:19,4
DA:28,9
DA:30,9
DA:32,1
LF:4
LH:4
BRDA:28,0,0,9
BRDA:28,0,1,4
BRDA:36,1,0,9
BRDA:36,1,1,4
BRF:4
BRH:4
end_of_record
TN:
SF:src/components/atomic/Button/constants.ts
FNF:0
FNH:0
DA:3,4
DA:4,4
DA:5,4
DA:6,4
LF:4
LH:4
BRF:0
BRH:0
end_of_record
TN:
SF:src/components/atomic/Button/style.ts
FN:18,(anonymous_0)
FN:21,(anonymous_1)
FN:25,(anonymous_2)
FNF:3
FNH:3
FNDA:9,(anonymous_0)
FNDA:9,(anonymous_1)
FNDA:9,(anonymous_2)
DA:12,4
DA:19,9
DA:22,9
DA:25,4
DA:26,9
DA:27,6
DA:30,3
LF:7
LH:7
BRDA:19,0,0,3
BRDA:19,0,1,6
BRDA:26,1,0,6
BRDA:26,1,1,3
BRDA:27,2,0,1
BRDA:27,2,1,5
BRF:6
BRH:6
end_of_record
TN:
SF:src/components/atomic/Button/testId.ts
FNF:0
FNH:0
DA:1,4
LF:1
LH:1
BRF:0
BRH:0
end_of_record
TN:
SF:src/components/atomic/Button/testIds.ts
FNF:0
FNH:0
LF:0
LH:0
BRF:0
BRH:0
end_of_record
TN:
SF:src/components/atomic/DotSwiper/DotSwiper.tsx
FN:31,(anonymous_0)
FNF:1
FNH:1
FNDA:4,(anonymous_0)
DA:5,3
DA:14,3
DA:31,3
DA:32,4
DA:34,4
LF:5
LH:5
BRDA:34,0,0,2
BRDA:34,0,1,2
BRF:2
BRH:2
end_of_record
TN:
SF:src/components/atomic/Input/Input.tsx
FN:13,(anonymous_0)
FNF:1
FNH:1
FNDA:3,(anonymous_0)
DA:13,1
DA:14,3
LF:2
LH:2
BRDA:16,0,0,1
BRDA:16,0,1,2
BRDA:17,1,0,3
BRDA:17,1,1,1
BRF:4
BRH:4
end_of_record
TN:
SF:src/components/atomic/Input/testId.ts
FNF:0
FNH:0
LF:0
LH:0
BRF:0
BRH:0
end_of_record
TN:
SF:src/components/atomic/Input/DefaultInput/DefaultInput.tsx
FN:5,(anonymous_0)
FNF:1
FNH:1
FNDA:3,(anonymous_0)
DA:5,2
DA:11,3
LF:2
LH:2
BRF:0
BRH:0
end_of_record
TN:
SF:src/components/atomic/Input/DefaultInput/style.ts
FNF:0
FNH:0
DA:4,2
DA:11,2
LF:2
LH:2
BRF:0
BRH:0
end_of_record
TN:
SF:src/components/atomic/Input/InputMask/InputMask.tsx
FN:21,(anonymous_0)
FNF:1
FNH:1
FNDA:2,(anonymous_0)
DA:7,2
DA:21,2
DA:28,2
LF:3
LH:3
BRF:0
BRH:0
end_of_record
TN:
SF:src/components/atomic/ProviderRedux/ProviderRedux.tsx
FN:5,(anonymous_0)
FNF:1
FNH:1
FNDA:1,(anonymous_0)
DA:5,1
DA:6,1
LF:2
LH:2
BRF:0
BRH:0
end_of_record
TN:
SF:src/components/atomic/Typography/Typography.tsx
FN:21,(anonymous_0)
FNF:1
FNH:1
FNDA:16,(anonymous_0)
DA:21,6
DA:26,16
DA:27,16
LF:3
LH:3
BRDA:24,0,0,4
BRF:1
BRH:1
end_of_record
TN:
SF:src/components/atomic/Typography/style.ts
FN:15,(anonymous_0)
FN:16,(anonymous_1)
FN:17,(anonymous_2)
FN:19,(anonymous_3)
FNF:4
FNH:4
FNDA:16,(anonymous_0)
FNDA:16,(anonymous_1)
FNDA:16,(anonymous_2)
FNDA:16,(anonymous_3)
DA:4,6
DA:14,6
DA:15,16
DA:16,16
DA:17,16
DA:20,16
LF:6
LH:6
BRDA:15,0,0,16
BRDA:15,0,1,0
BRDA:16,1,0,9
BRDA:16,1,1,7
BRDA:17,2,0,16
BRDA:17,2,1,0
BRDA:20,3,0,16
BRDA:20,3,1,0
BRF:8
BRH:5
end_of_record
TN:
SF:src/components/organisms/FooterIntroScreen/FooterIntroScreen.tsx
FN:6,(anonymous_0)
FNF:1
FNH:1
FNDA:2,(anonymous_0)
DA:6,3
DA:7,2
LF:2
LH:2
BRF:0
BRH:0
end_of_record
TN:
SF:src/examples/Example.tsx
FN:30,(anonymous_0)
FNF:1
FNH:0
FNDA:0,(anonymous_0)
DA:31,0
LF:1
LH:0
BRF:0
BRH:0
end_of_record
TN:
SF:src/examples/ExampleGetLocation.tsx
FN:5,GetCurrentLocationExample
FN:8,(anonymous_1)
FNF:2
FNH:0
FNDA:0,GetCurrentLocationExample
FNDA:0,(anonymous_1)
DA:6,0
DA:8,0
DA:9,0
DA:12,0
DA:24,0
LF:5
LH:0
BRF:0
BRH:0
end_of_record
TN:
SF:src/examples/ExampleIcon.tsx
FN:7,(anonymous_0)
FNF:1
FNH:0
FNDA:0,(anonymous_0)
DA:8,0
LF:1
LH:0
BRF:0
BRH:0
end_of_record
TN:
SF:src/examples/ExampleImportSvg.tsx
FN:8,(anonymous_0)
FNF:1
FNH:0
FNDA:0,(anonymous_0)
DA:9,0
LF:1
LH:0
BRF:0
BRH:0
end_of_record
TN:
SF:src/hooks/useLocationUser.ts
FN:6,(anonymous_0)
FN:7,(anonymous_1)
FN:9,(anonymous_2)
FN:12,(anonymous_3)
FN:23,(anonymous_4)
FNF:5
FNH:0
FNDA:0,(anonymous_0)
FNDA:0,(anonymous_1)
FNDA:0,(anonymous_2)
FNDA:0,(anonymous_3)
FNDA:0,(anonymous_4)
DA:6,0
DA:7,0
DA:8,0
DA:10,0
DA:12,0
DA:15,0
DA:18,0
DA:19,0
DA:21,0
DA:23,0
DA:24,0
DA:25,0
DA:28,0
LF:13
LH:0
BRF:0
BRH:0
end_of_record
TN:
SF:src/hooks/useReduxHooks.ts
FNF:0
FNH:0
DA:4,0
DA:5,0
LF:2
LH:0
BRF:0
BRH:0
end_of_record
TN:
SF:src/routers/router.tsx
FN:9,App
FNF:1
FNH:1
FNDA:1,App
DA:7,1
DA:10,1
LF:2
LH:2
BRF:0
BRH:0
end_of_record
TN:
SF:src/screen/IntroScreen/Intro.tsx
FN:13,(anonymous_0)
FNF:1
FNH:1
FNDA:1,(anonymous_0)
DA:9,2
DA:13,2
DA:14,1
LF:3
LH:3
BRF:0
BRH:0
end_of_record
TN:
SF:src/screen/SplashScreen/SplashScreen.tsx
FN:6,(anonymous_0)
FN:7,(anonymous_1)
FN:8,(anonymous_2)
FNF:3
FNH:2
FNDA:2,(anonymous_0)
FNDA:2,(anonymous_1)
FNDA:0,(anonymous_2)
DA:6,2
DA:7,2
DA:8,2
DA:9,0
DA:14,2
DA:17,2
DA:24,2
LF:7
LH:6
BRF:0
BRH:0
end_of_record
TN:
SF:src/services/api.ts
FNF:0
FNH:0
DA:3,0
DA:5,0
LF:2
LH:0
BRF:0
BRH:0
end_of_record
TN:
SF:src/store/configureStore.ts
FN:6,(anonymous_0)
FNF:1
FNH:0
FNDA:0,(anonymous_0)
DA:6,0
DA:9,0
LF:2
LH:0
BRF:0
BRH:0
end_of_record
TN:
SF:src/store/store.ts
FN:9,setupStore
FNF:1
FNH:0
FNDA:0,setupStore
DA:5,2
DA:10,0
LF:2
LH:1
BRF:0
BRH:0
end_of_record
TN:
SF:src/utils/date.ts
FN:46,(anonymous_0)
FN:50,(anonymous_1)
FN:54,(anonymous_2)
FN:61,getCurrentDate
FN:65,(anonymous_4)
FN:78,(anonymous_5)
FN:80,(anonymous_6)
FN:88,(anonymous_7)
FN:91,(anonymous_8)
FN:93,(anonymous_9)
FN:96,(anonymous_10)
FN:99,(anonymous_11)
FN:104,(anonymous_12)
FN:110,(anonymous_13)
FN:113,(anonymous_14)
FN:119,(anonymous_15)
FN:126,(anonymous_16)
FN:130,(anonymous_17)
FN:137,(anonymous_18)
FN:141,(anonymous_19)
FN:145,(anonymous_20)
FN:149,(anonymous_21)
FN:153,(anonymous_22)
FN:159,(anonymous_23)
FN:163,(anonymous_24)
FNF:25
FNH:0
FNDA:0,(anonymous_0)
FNDA:0,(anonymous_1)
FNDA:0,(anonymous_2)
FNDA:0,getCurrentDate
FNDA:0,(anonymous_4)
FNDA:0,(anonymous_5)
FNDA:0,(anonymous_6)
FNDA:0,(anonymous_7)
FNDA:0,(anonymous_8)
FNDA:0,(anonymous_9)
FNDA:0,(anonymous_10)
FNDA:0,(anonymous_11)
FNDA:0,(anonymous_12)
FNDA:0,(anonymous_13)
FNDA:0,(anonymous_14)
FNDA:0,(anonymous_15)
FNDA:0,(anonymous_16)
FNDA:0,(anonymous_17)
FNDA:0,(anonymous_18)
FNDA:0,(anonymous_19)
FNDA:0,(anonymous_20)
FNDA:0,(anonymous_21)
FNDA:0,(anonymous_22)
FNDA:0,(anonymous_23)
FNDA:0,(anonymous_24)
DA:23,7
DA:24,7
DA:25,7
DA:46,7
DA:47,0
DA:50,7
DA:51,0
DA:54,7
DA:58,0
DA:62,0
DA:65,7
DA:66,0
DA:68,0
DA:69,0
DA:70,0
DA:72,0
DA:78,7
DA:80,7
DA:81,0
DA:82,0
DA:83,0
DA:85,0
DA:88,7
DA:89,0
DA:91,7
DA:93,7
DA:94,0
DA:96,7
DA:97,0
DA:99,7
DA:100,0
DA:101,0
DA:104,7
DA:105,0
DA:106,0
DA:107,0
DA:110,7
DA:111,0
DA:113,7
DA:117,0
DA:119,7
DA:123,0
DA:126,7
DA:127,0
DA:130,7
DA:131,0
DA:132,0
DA:134,0
DA:137,7
DA:138,0
DA:141,7
DA:142,0
DA:145,7
DA:146,0
DA:149,7
DA:150,0
DA:153,7
DA:154,0
DA:155,0
DA:156,0
DA:159,7
DA:160,0
DA:163,7
DA:164,0
LF:64
LH:27
BRDA:61,0,0,0
BRDA:80,1,0,0
BRDA:110,2,0,0
BRDA:111,3,0,0
BRDA:111,3,1,0
BRDA:115,4,0,0
BRDA:116,5,0,0
BRDA:121,6,0,0
BRDA:131,7,0,0
BRDA:131,8,0,0
BRDA:131,9,0,0
BRDA:150,10,0,0
BRDA:150,10,1,0
BRDA:150,11,0,0
BRDA:150,11,1,0
BRF:15
BRH:0
end_of_record
TN:
SF:src/utils/dimensions.ts
FN:11,(anonymous_0)
FN:20,(anonymous_1)
FN:27,(anonymous_2)
FN:42,(anonymous_3)
FN:46,(anonymous_4)
FN:49,(anonymous_5)
FN:52,(anonymous_6)
FNF:7
FNH:1
FNDA:0,(anonymous_0)
FNDA:0,(anonymous_1)
FNDA:0,(anonymous_2)
FNDA:172,(anonymous_3)
FNDA:0,(anonymous_4)
FNDA:0,(anonymous_5)
FNDA:0,(anonymous_6)
DA:9,7
DA:11,7
DA:12,0
DA:14,7
DA:16,7
DA:18,7
DA:20,7
DA:22,0
DA:24,0
DA:27,7
DA:31,0
DA:35,0
DA:39,7
DA:40,7
DA:42,7
DA:43,172
DA:46,7
DA:47,0
DA:49,7
DA:50,0
DA:52,7
DA:53,0
LF:22
LH:14
BRDA:11,0,0,0
BRDA:22,1,0,0
BRDA:22,1,1,0
BRDA:31,2,0,0
BRDA:31,2,1,0
BRDA:43,3,0,172
BRDA:43,3,1,0
BRDA:52,4,0,0
BRF:8
BRH:1
end_of_record
TN:
SF:src/utils/format.ts
FN:5,(anonymous_0)
FN:7,(anonymous_1)
FN:9,(anonymous_2)
FN:13,(anonymous_3)
FN:18,(anonymous_4)
FN:21,(anonymous_5)
FN:32,(anonymous_6)
FN:36,(anonymous_7)
FN:38,(anonymous_8)
FN:51,(anonymous_9)
FN:86,(anonymous_10)
FN:94,(anonymous_11)
FN:108,(anonymous_12)
FN:120,(anonymous_13)
FN:131,(anonymous_14)
FN:142,(anonymous_15)
FN:146,(anonymous_16)
FN:151,(anonymous_17)
FN:156,(anonymous_18)
FN:160,(anonymous_19)
FN:167,(anonymous_20)
FN:175,(anonymous_21)
FN:183,(anonymous_22)
FN:199,(anonymous_23)
FN:215,(anonymous_24)
FN:232,(anonymous_25)
FNF:26
FNH:0
FNDA:0,(anonymous_0)
FNDA:0,(anonymous_1)
FNDA:0,(anonymous_2)
FNDA:0,(anonymous_3)
FNDA:0,(anonymous_4)
FNDA:0,(anonymous_5)
FNDA:0,(anonymous_6)
FNDA:0,(anonymous_7)
FNDA:0,(anonymous_8)
FNDA:0,(anonymous_9)
FNDA:0,(anonymous_10)
FNDA:0,(anonymous_11)
FNDA:0,(anonymous_12)
FNDA:0,(anonymous_13)
FNDA:0,(anonymous_14)
FNDA:0,(anonymous_15)
FNDA:0,(anonymous_16)
FNDA:0,(anonymous_17)
FNDA:0,(anonymous_18)
FNDA:0,(anonymous_19)
FNDA:0,(anonymous_20)
FNDA:0,(anonymous_21)
FNDA:0,(anonymous_22)
FNDA:0,(anonymous_23)
FNDA:0,(anonymous_24)
FNDA:0,(anonymous_25)
DA:5,7
DA:7,7
DA:8,0
DA:10,0
DA:14,0
DA:18,7
DA:19,0
DA:22,0
DA:23,0
DA:24,0
DA:25,0
DA:27,0
DA:32,7
DA:33,0
DA:36,7
DA:38,7
DA:41,0
DA:51,7
DA:61,0
DA:65,0
DA:66,0
DA:69,0
DA:70,0
DA:75,0
DA:76,0
DA:81,0
DA:86,7
DA:87,0
DA:88,0
DA:94,7
DA:98,0
DA:108,7
DA:109,0
DA:110,0
DA:111,0
DA:112,0
DA:113,0
DA:117,0
DA:120,7
DA:121,0
DA:122,0
DA:123,0
DA:126,0
DA:129,7
DA:131,7
DA:132,0
DA:133,0
DA:135,0
DA:136,0
DA:139,0
DA:142,7
DA:143,0
DA:145,0
DA:147,0
DA:151,7
DA:152,0
DA:153,0
DA:156,7
DA:157,0
DA:160,7
DA:161,0
DA:162,0
DA:168,0
DA:172,0
DA:175,7
DA:176,0
DA:183,7
DA:188,0
DA:193,0
DA:195,0
DA:199,7
DA:204,0
DA:205,0
DA:206,0
DA:207,0
DA:210,0
DA:215,0
DA:216,0
DA:221,0
DA:223,0
DA:231,0
DA:232,0
DA:233,0
DA:236,0
LF:84
LH:20
BRDA:7,0,0,0
BRDA:18,1,0,0
BRDA:22,2,0,0
BRDA:22,2,1,0
BRDA:24,3,0,0
BRDA:24,3,1,0
BRDA:53,4,0,0
BRDA:54,5,0,0
BRDA:55,6,0,0
BRDA:56,7,0,0
BRDA:57,8,0,0
BRDA:61,9,0,0
BRDA:61,9,1,0
BRDA:81,10,0,0
BRDA:81,10,1,0
BRDA:81,11,0,0
BRDA:81,11,1,0
BRDA:87,12,0,0
BRDA:87,12,1,0
BRDA:96,13,0,0
BRDA:96,14,0,0
BRDA:99,15,0,0
BRDA:99,15,1,0
BRDA:110,16,0,0
BRDA:110,16,1,0
BRDA:112,17,0,0
BRDA:112,17,1,0
BRDA:122,18,0,0
BRDA:122,18,1,0
BRDA:122,19,0,0
BRDA:122,19,1,0
BRDA:133,20,0,0
BRDA:133,20,1,0
BRDA:135,21,0,0
BRDA:135,21,1,0
BRDA:139,22,0,0
BRDA:139,22,1,0
BRDA:139,23,0,0
BRDA:139,23,1,0
BRDA:142,24,0,0
BRDA:147,25,0,0
BRDA:147,25,1,0
BRDA:160,26,0,0
BRDA:161,27,0,0
BRDA:161,27,1,0
BRDA:188,28,0,0
BRDA:188,28,1,0
BRDA:189,29,0,0
BRDA:189,29,1,0
BRDA:189,29,2,0
BRDA:221,30,0,0
BRDA:221,30,1,0
BRDA:233,31,0,0
BRDA:233,31,1,0
BRF:54
BRH:0
end_of_record
TN:
SF:src/utils/mask.ts
FN:19,(anonymous_0)
FN:27,(anonymous_1)
FN:34,(anonymous_2)
FN:38,(anonymous_3)
FN:48,(anonymous_4)
FN:66,(anonymous_5)
FN:71,(anonymous_6)
FN:87,(anonymous_7)
FN:106,(anonymous_8)
FNF:9
FNH:0
FNDA:0,(anonymous_0)
FNDA:0,(anonymous_1)
FNDA:0,(anonymous_2)
FNDA:0,(anonymous_3)
FNDA:0,(anonymous_4)
FNDA:0,(anonymous_5)
FNDA:0,(anonymous_6)
FNDA:0,(anonymous_7)
FNDA:0,(anonymous_8)
DA:8,0
DA:9,0
DA:10,0
DA:11,0
DA:17,0
DA:19,0
DA:20,0
DA:27,0
DA:28,0
DA:30,0
DA:32,0
DA:34,0
DA:35,0
DA:38,0
DA:39,0
DA:40,0
DA:41,0
DA:43,0
DA:44,0
DA:45,0
DA:48,0
DA:54,0
DA:55,0
DA:56,0
DA:58,0
DA:66,0
DA:67,0
DA:71,0
DA:75,0
DA:77,0
DA:79,0
DA:80,0
DA:83,0
DA:87,0
DA:91,0
DA:93,0
DA:94,0
DA:96,0
DA:97,0
DA:98,0
DA:99,0
DA:101,0
DA:106,0
DA:113,0
DA:116,0
DA:117,0
DA:118,0
DA:119,0
DA:121,0
DA:122,0
LF:50
LH:0
BRDA:20,0,0,0
BRDA:20,0,1,0
BRDA:40,1,0,0
BRDA:40,1,1,0
BRDA:54,2,0,0
BRDA:54,2,1,0
BRDA:55,3,0,0
BRDA:55,3,1,0
BRDA:75,4,0,0
BRDA:75,4,1,0
BRDA:75,4,2,0
BRDA:75,4,3,0
BRDA:93,5,0,0
BRDA:93,5,1,0
BRDA:96,6,0,0
BRDA:96,6,1,0
BRDA:98,7,0,0
BRDA:98,7,1,0
BRDA:116,8,0,0
BRDA:116,8,1,0
BRDA:119,9,0,0
BRDA:119,9,1,0
BRDA:121,10,0,0
BRDA:121,10,1,0
BRDA:122,11,0,0
BRDA:122,11,1,0
BRF:26
BRH:0
end_of_record
TN:
SF:src/utils/native.ts
FN:9,getPlatform
FN:13,getAppVersion
FN:16,isIOS
FN:20,isWeb
FN:24,triggerAlert
FNF:5
FNH:2
FNDA:172,getPlatform
FNDA:0,getAppVersion
FNDA:0,isIOS
FNDA:172,isWeb
FNDA:0,triggerAlert
DA:10,172
DA:14,0
DA:17,0
DA:21,172
DA:30,0
LF:5
LH:2
BRDA:26,0,0,0
BRDA:27,1,0,0
BRF:2
BRH:0
end_of_record
